2013-03-14 09:22:48,423 - Log4JLogChute initialized using file 'velocity.log'
2013-03-14 09:22:48,423 - Initializing Velocity, Calling init()...
2013-03-14 09:22:48,423 - Starting Apache Velocity v1.7 (compiled: 2010-11-19 12:14:37)
2013-03-14 09:22:48,423 - Default Properties File: org\apache\velocity\runtime\defaults\velocity.properties
2013-03-14 09:22:48,423 - Trying to use logger class org.apache.velocity.runtime.log.AvalonLogChute
2013-03-14 09:22:48,423 - Target log system for org.apache.velocity.runtime.log.AvalonLogChute is not available (java.lang.NoClassDefFoundError: org/apache/log/format/Formatter).  Falling back to next log system...
2013-03-14 09:22:48,423 - Trying to use logger class org.apache.velocity.runtime.log.Log4JLogChute
2013-03-14 09:22:48,423 - Using logger class org.apache.velocity.runtime.log.Log4JLogChute
2013-03-14 09:22:48,423 - ResourceLoader instantiated: org.apache.velocity.runtime.resource.loader.FileResourceLoader
2013-03-14 09:22:48,423 - Do unicode file recognition:  false
2013-03-14 09:22:48,423 - FileResourceLoader : adding path '.'
2013-03-14 09:22:48,439 - ResourceCache: initialized (class org.apache.velocity.runtime.resource.ResourceCacheImpl) with class java.util.Collections$SynchronizedMap cache map.
2013-03-14 09:22:48,439 - Loaded System Directive: org.apache.velocity.runtime.directive.Stop
2013-03-14 09:22:48,439 - Loaded System Directive: org.apache.velocity.runtime.directive.Define
2013-03-14 09:22:48,439 - Loaded System Directive: org.apache.velocity.runtime.directive.Break
2013-03-14 09:22:48,439 - Loaded System Directive: org.apache.velocity.runtime.directive.Evaluate
2013-03-14 09:22:48,439 - Loaded System Directive: org.apache.velocity.runtime.directive.Literal
2013-03-14 09:22:48,439 - Loaded System Directive: org.apache.velocity.runtime.directive.Macro
2013-03-14 09:22:48,439 - Loaded System Directive: org.apache.velocity.runtime.directive.Parse
2013-03-14 09:22:48,439 - Loaded System Directive: org.apache.velocity.runtime.directive.Include
2013-03-14 09:22:48,439 - Loaded System Directive: org.apache.velocity.runtime.directive.Foreach
2013-03-14 09:22:48,470 - Created '20' parsers.
2013-03-14 09:22:48,470 - Velocimacro : "velocimacro.library" is not set.  Trying default library: VM_global_library.vm
2013-03-14 09:22:48,470 - Velocimacro : Default library not found.
2013-03-14 09:22:48,470 - Velocimacro : allowInline = true : VMs can be defined inline in templates
2013-03-14 09:22:48,470 - Velocimacro : allowInlineToOverride = false : VMs defined inline may NOT replace previous VM definitions
2013-03-14 09:22:48,470 - Velocimacro : allowInlineLocal = false : VMs defined inline will be global in scope if allowed.
2013-03-14 09:22:48,470 - Velocimacro : autoload off : VM system will not automatically reload global library macros
2013-03-14 09:22:48,486 - ResourceManager : found example-table.vm with loader org.apache.velocity.runtime.resource.loader.FileResourceLoader
2013-03-14 09:22:48,501 - Null reference [template 'example-table.vm', line 2, column 13] : ${table.record.size()} cannot be resolved.
2013-03-14 09:23:53,304 - Log4JLogChute initialized using file 'velocity.log'
2013-03-14 09:23:53,304 - Initializing Velocity, Calling init()...
2013-03-14 09:23:53,304 - Starting Apache Velocity v1.7 (compiled: 2010-11-19 12:14:37)
2013-03-14 09:23:53,304 - Default Properties File: org\apache\velocity\runtime\defaults\velocity.properties
2013-03-14 09:23:53,304 - Trying to use logger class org.apache.velocity.runtime.log.AvalonLogChute
2013-03-14 09:23:53,304 - Target log system for org.apache.velocity.runtime.log.AvalonLogChute is not available (java.lang.NoClassDefFoundError: org/apache/log/format/Formatter).  Falling back to next log system...
2013-03-14 09:23:53,304 - Trying to use logger class org.apache.velocity.runtime.log.Log4JLogChute
2013-03-14 09:23:53,304 - Using logger class org.apache.velocity.runtime.log.Log4JLogChute
2013-03-14 09:23:53,304 - ResourceLoader instantiated: org.apache.velocity.runtime.resource.loader.FileResourceLoader
2013-03-14 09:23:53,304 - Do unicode file recognition:  false
2013-03-14 09:23:53,304 - FileResourceLoader : adding path '.'
2013-03-14 09:23:53,304 - ResourceCache: initialized (class org.apache.velocity.runtime.resource.ResourceCacheImpl) with class java.util.Collections$SynchronizedMap cache map.
2013-03-14 09:23:53,304 - Loaded System Directive: org.apache.velocity.runtime.directive.Stop
2013-03-14 09:23:53,304 - Loaded System Directive: org.apache.velocity.runtime.directive.Define
2013-03-14 09:23:53,319 - Loaded System Directive: org.apache.velocity.runtime.directive.Break
2013-03-14 09:23:53,319 - Loaded System Directive: org.apache.velocity.runtime.directive.Evaluate
2013-03-14 09:23:53,319 - Loaded System Directive: org.apache.velocity.runtime.directive.Literal
2013-03-14 09:23:53,319 - Loaded System Directive: org.apache.velocity.runtime.directive.Macro
2013-03-14 09:23:53,319 - Loaded System Directive: org.apache.velocity.runtime.directive.Parse
2013-03-14 09:23:53,319 - Loaded System Directive: org.apache.velocity.runtime.directive.Include
2013-03-14 09:23:53,319 - Loaded System Directive: org.apache.velocity.runtime.directive.Foreach
2013-03-14 09:23:53,335 - Created '20' parsers.
2013-03-14 09:23:53,335 - Velocimacro : "velocimacro.library" is not set.  Trying default library: VM_global_library.vm
2013-03-14 09:23:53,335 - Velocimacro : Default library not found.
2013-03-14 09:23:53,335 - Velocimacro : allowInline = true : VMs can be defined inline in templates
2013-03-14 09:23:53,335 - Velocimacro : allowInlineToOverride = false : VMs defined inline may NOT replace previous VM definitions
2013-03-14 09:23:53,335 - Velocimacro : allowInlineLocal = false : VMs defined inline will be global in scope if allowed.
2013-03-14 09:23:53,335 - Velocimacro : autoload off : VM system will not automatically reload global library macros
2013-03-14 09:23:53,350 - ResourceManager : found example-table.vm with loader org.apache.velocity.runtime.resource.loader.FileResourceLoader
2013-03-14 09:23:53,366 - Null reference [template 'example-table.vm', line 2, column 13] : ${table.record.size()} cannot be resolved.
2013-03-14 09:23:57,016 - Log4JLogChute initialized using file 'velocity.log'
2013-03-14 09:23:57,016 - Initializing Velocity, Calling init()...
2013-03-14 09:23:57,016 - Starting Apache Velocity v1.7 (compiled: 2010-11-19 12:14:37)
2013-03-14 09:23:57,016 - Default Properties File: org\apache\velocity\runtime\defaults\velocity.properties
2013-03-14 09:23:57,016 - Trying to use logger class org.apache.velocity.runtime.log.AvalonLogChute
2013-03-14 09:23:57,016 - Target log system for org.apache.velocity.runtime.log.AvalonLogChute is not available (java.lang.NoClassDefFoundError: org/apache/log/format/Formatter).  Falling back to next log system...
2013-03-14 09:23:57,016 - Trying to use logger class org.apache.velocity.runtime.log.Log4JLogChute
2013-03-14 09:23:57,016 - Using logger class org.apache.velocity.runtime.log.Log4JLogChute
2013-03-14 09:23:57,016 - ResourceLoader instantiated: org.apache.velocity.runtime.resource.loader.FileResourceLoader
2013-03-14 09:23:57,016 - Do unicode file recognition:  false
2013-03-14 09:23:57,016 - FileResourceLoader : adding path '.'
2013-03-14 09:23:57,016 - ResourceCache: initialized (class org.apache.velocity.runtime.resource.ResourceCacheImpl) with class java.util.Collections$SynchronizedMap cache map.
2013-03-14 09:23:57,016 - Loaded System Directive: org.apache.velocity.runtime.directive.Stop
2013-03-14 09:23:57,016 - Loaded System Directive: org.apache.velocity.runtime.directive.Define
2013-03-14 09:23:57,016 - Loaded System Directive: org.apache.velocity.runtime.directive.Break
2013-03-14 09:23:57,016 - Loaded System Directive: org.apache.velocity.runtime.directive.Evaluate
2013-03-14 09:23:57,016 - Loaded System Directive: org.apache.velocity.runtime.directive.Literal
2013-03-14 09:23:57,016 - Loaded System Directive: org.apache.velocity.runtime.directive.Macro
2013-03-14 09:23:57,016 - Loaded System Directive: org.apache.velocity.runtime.directive.Parse
2013-03-14 09:23:57,016 - Loaded System Directive: org.apache.velocity.runtime.directive.Include
2013-03-14 09:23:57,016 - Loaded System Directive: org.apache.velocity.runtime.directive.Foreach
2013-03-14 09:23:57,048 - Created '20' parsers.
2013-03-14 09:23:57,048 - Velocimacro : "velocimacro.library" is not set.  Trying default library: VM_global_library.vm
2013-03-14 09:23:57,048 - Velocimacro : Default library not found.
2013-03-14 09:23:57,048 - Velocimacro : allowInline = true : VMs can be defined inline in templates
2013-03-14 09:23:57,048 - Velocimacro : allowInlineToOverride = false : VMs defined inline may NOT replace previous VM definitions
2013-03-14 09:23:57,048 - Velocimacro : allowInlineLocal = false : VMs defined inline will be global in scope if allowed.
2013-03-14 09:23:57,048 - Velocimacro : autoload off : VM system will not automatically reload global library macros
2013-03-14 09:23:57,063 - ResourceManager : found example-table.vm with loader org.apache.velocity.runtime.resource.loader.FileResourceLoader
2013-03-14 09:24:15,705 - Log4JLogChute initialized using file 'velocity.log'
2013-03-14 09:24:15,705 - Initializing Velocity, Calling init()...
2013-03-14 09:24:15,705 - Starting Apache Velocity v1.7 (compiled: 2010-11-19 12:14:37)
2013-03-14 09:24:15,705 - Default Properties File: org\apache\velocity\runtime\defaults\velocity.properties
2013-03-14 09:24:15,705 - Trying to use logger class org.apache.velocity.runtime.log.AvalonLogChute
2013-03-14 09:24:15,705 - Target log system for org.apache.velocity.runtime.log.AvalonLogChute is not available (java.lang.NoClassDefFoundError: org/apache/log/format/Formatter).  Falling back to next log system...
2013-03-14 09:24:15,705 - Trying to use logger class org.apache.velocity.runtime.log.Log4JLogChute
2013-03-14 09:24:15,705 - Using logger class org.apache.velocity.runtime.log.Log4JLogChute
2013-03-14 09:24:15,705 - ResourceLoader instantiated: org.apache.velocity.runtime.resource.loader.FileResourceLoader
2013-03-14 09:24:15,705 - Do unicode file recognition:  false
2013-03-14 09:24:15,705 - FileResourceLoader : adding path '.'
2013-03-14 09:24:15,705 - ResourceCache: initialized (class org.apache.velocity.runtime.resource.ResourceCacheImpl) with class java.util.Collections$SynchronizedMap cache map.
2013-03-14 09:24:15,705 - Loaded System Directive: org.apache.velocity.runtime.directive.Stop
2013-03-14 09:24:15,721 - Loaded System Directive: org.apache.velocity.runtime.directive.Define
2013-03-14 09:24:15,721 - Loaded System Directive: org.apache.velocity.runtime.directive.Break
2013-03-14 09:24:15,721 - Loaded System Directive: org.apache.velocity.runtime.directive.Evaluate
2013-03-14 09:24:15,721 - Loaded System Directive: org.apache.velocity.runtime.directive.Literal
2013-03-14 09:24:15,721 - Loaded System Directive: org.apache.velocity.runtime.directive.Macro
2013-03-14 09:24:15,721 - Loaded System Directive: org.apache.velocity.runtime.directive.Parse
2013-03-14 09:24:15,721 - Loaded System Directive: org.apache.velocity.runtime.directive.Include
2013-03-14 09:24:15,721 - Loaded System Directive: org.apache.velocity.runtime.directive.Foreach
2013-03-14 09:24:15,736 - Created '20' parsers.
2013-03-14 09:24:15,736 - Velocimacro : "velocimacro.library" is not set.  Trying default library: VM_global_library.vm
2013-03-14 09:24:15,736 - Velocimacro : Default library not found.
2013-03-14 09:24:15,736 - Velocimacro : allowInline = true : VMs can be defined inline in templates
2013-03-14 09:24:15,736 - Velocimacro : allowInlineToOverride = false : VMs defined inline may NOT replace previous VM definitions
2013-03-14 09:24:15,736 - Velocimacro : allowInlineLocal = false : VMs defined inline will be global in scope if allowed.
2013-03-14 09:24:15,736 - Velocimacro : autoload off : VM system will not automatically reload global library macros
2013-03-14 09:24:15,752 - ResourceManager : found example-table.vm with loader org.apache.velocity.runtime.resource.loader.FileResourceLoader
2013-03-14 09:33:37,823 - Log4JLogChute initialized using file 'velocity.log'
2013-03-14 09:33:37,823 - Initializing Velocity, Calling init()...
2013-03-14 09:33:37,823 - Starting Apache Velocity v1.7 (compiled: 2010-11-19 12:14:37)
2013-03-14 09:33:37,823 - Default Properties File: org\apache\velocity\runtime\defaults\velocity.properties
2013-03-14 09:33:37,823 - Trying to use logger class org.apache.velocity.runtime.log.AvalonLogChute
2013-03-14 09:33:37,823 - Target log system for org.apache.velocity.runtime.log.AvalonLogChute is not available (java.lang.NoClassDefFoundError: org/apache/log/format/Formatter).  Falling back to next log system...
2013-03-14 09:33:37,823 - Trying to use logger class org.apache.velocity.runtime.log.Log4JLogChute
2013-03-14 09:33:37,823 - Using logger class org.apache.velocity.runtime.log.Log4JLogChute
2013-03-14 09:33:37,823 - ResourceLoader instantiated: org.apache.velocity.runtime.resource.loader.FileResourceLoader
2013-03-14 09:33:37,823 - Do unicode file recognition:  false
2013-03-14 09:33:37,823 - FileResourceLoader : adding path '.'
2013-03-14 09:33:37,823 - ResourceCache: initialized (class org.apache.velocity.runtime.resource.ResourceCacheImpl) with class java.util.Collections$SynchronizedMap cache map.
2013-03-14 09:33:37,839 - Loaded System Directive: org.apache.velocity.runtime.directive.Stop
2013-03-14 09:33:37,839 - Loaded System Directive: org.apache.velocity.runtime.directive.Define
2013-03-14 09:33:37,839 - Loaded System Directive: org.apache.velocity.runtime.directive.Break
2013-03-14 09:33:37,839 - Loaded System Directive: org.apache.velocity.runtime.directive.Evaluate
2013-03-14 09:33:37,839 - Loaded System Directive: org.apache.velocity.runtime.directive.Literal
2013-03-14 09:33:37,839 - Loaded System Directive: org.apache.velocity.runtime.directive.Macro
2013-03-14 09:33:37,839 - Loaded System Directive: org.apache.velocity.runtime.directive.Parse
2013-03-14 09:33:37,839 - Loaded System Directive: org.apache.velocity.runtime.directive.Include
2013-03-14 09:33:37,839 - Loaded System Directive: org.apache.velocity.runtime.directive.Foreach
2013-03-14 09:33:37,854 - Created '20' parsers.
2013-03-14 09:33:37,854 - Velocimacro : "velocimacro.library" is not set.  Trying default library: VM_global_library.vm
2013-03-14 09:33:37,854 - Velocimacro : Default library not found.
2013-03-14 09:33:37,854 - Velocimacro : allowInline = true : VMs can be defined inline in templates
2013-03-14 09:33:37,854 - Velocimacro : allowInlineToOverride = false : VMs defined inline may NOT replace previous VM definitions
2013-03-14 09:33:37,854 - Velocimacro : allowInlineLocal = false : VMs defined inline will be global in scope if allowed.
2013-03-14 09:33:37,854 - Velocimacro : autoload off : VM system will not automatically reload global library macros
2013-03-14 09:33:37,870 - ResourceManager : found example-table.vm with loader org.apache.velocity.runtime.resource.loader.FileResourceLoader
2013-03-14 09:34:00,287 - Log4JLogChute initialized using file 'velocity.log'
2013-03-14 09:34:00,287 - Initializing Velocity, Calling init()...
2013-03-14 09:34:00,287 - Starting Apache Velocity v1.7 (compiled: 2010-11-19 12:14:37)
2013-03-14 09:34:00,287 - Default Properties File: org\apache\velocity\runtime\defaults\velocity.properties
2013-03-14 09:34:00,287 - Trying to use logger class org.apache.velocity.runtime.log.AvalonLogChute
2013-03-14 09:34:00,287 - Target log system for org.apache.velocity.runtime.log.AvalonLogChute is not available (java.lang.NoClassDefFoundError: org/apache/log/format/Formatter).  Falling back to next log system...
2013-03-14 09:34:00,287 - Trying to use logger class org.apache.velocity.runtime.log.Log4JLogChute
2013-03-14 09:34:00,287 - Using logger class org.apache.velocity.runtime.log.Log4JLogChute
2013-03-14 09:34:00,287 - ResourceLoader instantiated: org.apache.velocity.runtime.resource.loader.FileResourceLoader
2013-03-14 09:34:00,287 - Do unicode file recognition:  false
2013-03-14 09:34:00,287 - FileResourceLoader : adding path '.'
2013-03-14 09:34:00,287 - ResourceCache: initialized (class org.apache.velocity.runtime.resource.ResourceCacheImpl) with class java.util.Collections$SynchronizedMap cache map.
2013-03-14 09:34:00,287 - Loaded System Directive: org.apache.velocity.runtime.directive.Stop
2013-03-14 09:34:00,287 - Loaded System Directive: org.apache.velocity.runtime.directive.Define
2013-03-14 09:34:00,287 - Loaded System Directive: org.apache.velocity.runtime.directive.Break
2013-03-14 09:34:00,287 - Loaded System Directive: org.apache.velocity.runtime.directive.Evaluate
2013-03-14 09:34:00,287 - Loaded System Directive: org.apache.velocity.runtime.directive.Literal
2013-03-14 09:34:00,287 - Loaded System Directive: org.apache.velocity.runtime.directive.Macro
2013-03-14 09:34:00,287 - Loaded System Directive: org.apache.velocity.runtime.directive.Parse
2013-03-14 09:34:00,287 - Loaded System Directive: org.apache.velocity.runtime.directive.Include
2013-03-14 09:34:00,303 - Loaded System Directive: org.apache.velocity.runtime.directive.Foreach
2013-03-14 09:34:00,318 - Created '20' parsers.
2013-03-14 09:34:00,318 - Velocimacro : "velocimacro.library" is not set.  Trying default library: VM_global_library.vm
2013-03-14 09:34:00,318 - Velocimacro : Default library not found.
2013-03-14 09:34:00,318 - Velocimacro : allowInline = true : VMs can be defined inline in templates
2013-03-14 09:34:00,318 - Velocimacro : allowInlineToOverride = false : VMs defined inline may NOT replace previous VM definitions
2013-03-14 09:34:00,318 - Velocimacro : allowInlineLocal = false : VMs defined inline will be global in scope if allowed.
2013-03-14 09:34:00,318 - Velocimacro : autoload off : VM system will not automatically reload global library macros
2013-03-14 09:34:00,334 - ResourceManager : found example-table.vm with loader org.apache.velocity.runtime.resource.loader.FileResourceLoader
2013-03-14 09:34:15,185 - Log4JLogChute initialized using file 'velocity.log'
2013-03-14 09:34:15,185 - Initializing Velocity, Calling init()...
2013-03-14 09:34:15,185 - Starting Apache Velocity v1.7 (compiled: 2010-11-19 12:14:37)
2013-03-14 09:34:15,185 - Default Properties File: org\apache\velocity\runtime\defaults\velocity.properties
2013-03-14 09:34:15,185 - Trying to use logger class org.apache.velocity.runtime.log.AvalonLogChute
2013-03-14 09:34:15,185 - Target log system for org.apache.velocity.runtime.log.AvalonLogChute is not available (java.lang.NoClassDefFoundError: org/apache/log/format/Formatter).  Falling back to next log system...
2013-03-14 09:34:15,185 - Trying to use logger class org.apache.velocity.runtime.log.Log4JLogChute
2013-03-14 09:34:15,185 - Using logger class org.apache.velocity.runtime.log.Log4JLogChute
2013-03-14 09:34:15,201 - ResourceLoader instantiated: org.apache.velocity.runtime.resource.loader.FileResourceLoader
2013-03-14 09:34:15,201 - Do unicode file recognition:  false
2013-03-14 09:34:15,201 - FileResourceLoader : adding path '.'
2013-03-14 09:34:15,201 - ResourceCache: initialized (class org.apache.velocity.runtime.resource.ResourceCacheImpl) with class java.util.Collections$SynchronizedMap cache map.
2013-03-14 09:34:15,201 - Loaded System Directive: org.apache.velocity.runtime.directive.Stop
2013-03-14 09:34:15,201 - Loaded System Directive: org.apache.velocity.runtime.directive.Define
2013-03-14 09:34:15,201 - Loaded System Directive: org.apache.velocity.runtime.directive.Break
2013-03-14 09:34:15,201 - Loaded System Directive: org.apache.velocity.runtime.directive.Evaluate
2013-03-14 09:34:15,201 - Loaded System Directive: org.apache.velocity.runtime.directive.Literal
2013-03-14 09:34:15,201 - Loaded System Directive: org.apache.velocity.runtime.directive.Macro
2013-03-14 09:34:15,201 - Loaded System Directive: org.apache.velocity.runtime.directive.Parse
2013-03-14 09:34:15,201 - Loaded System Directive: org.apache.velocity.runtime.directive.Include
2013-03-14 09:34:15,201 - Loaded System Directive: org.apache.velocity.runtime.directive.Foreach
2013-03-14 09:34:15,232 - Created '20' parsers.
2013-03-14 09:34:15,232 - Velocimacro : "velocimacro.library" is not set.  Trying default library: VM_global_library.vm
2013-03-14 09:34:15,232 - Velocimacro : Default library not found.
2013-03-14 09:34:15,232 - Velocimacro : allowInline = true : VMs can be defined inline in templates
2013-03-14 09:34:15,232 - Velocimacro : allowInlineToOverride = false : VMs defined inline may NOT replace previous VM definitions
2013-03-14 09:34:15,232 - Velocimacro : allowInlineLocal = false : VMs defined inline will be global in scope if allowed.
2013-03-14 09:34:15,232 - Velocimacro : autoload off : VM system will not automatically reload global library macros
2013-03-14 09:34:15,248 - ResourceManager : found example-table.vm with loader org.apache.velocity.runtime.resource.loader.FileResourceLoader
