2013-06-26 10:49:47,227 - Using logger class org.apache.velocity.runtime.log.Log4JLogChute
2013-06-26 10:49:47,227 - ResourceLoader instantiated: org.apache.velocity.runtime.resource.loader.FileResourceLoader
2013-06-26 10:49:47,227 - Do unicode file recognition:  false
2013-06-26 10:49:47,227 - FileResourceLoader : adding path '.'
2013-06-26 10:49:47,243 - ResourceCache: initialized (class org.apache.velocity.runtime.resource.ResourceCacheImpl) with class java.util.Collections$SynchronizedMap cache map.
2013-06-26 10:49:47,243 - Loaded System Directive: org.apache.velocity.runtime.directive.Stop
2013-06-26 10:49:47,243 - Loaded System Directive: org.apache.velocity.runtime.directive.Define
2013-06-26 10:49:47,243 - Loaded System Directive: org.apache.velocity.runtime.directive.Break
2013-06-26 10:49:47,243 - Loaded System Directive: org.apache.velocity.runtime.directive.Evaluate
2013-06-26 10:49:47,243 - Loaded System Directive: org.apache.velocity.runtime.directive.Literal
2013-06-26 10:49:47,243 - Loaded System Directive: org.apache.velocity.runtime.directive.Macro
2013-06-26 10:49:47,243 - Loaded System Directive: org.apache.velocity.runtime.directive.Parse
2013-06-26 10:49:47,243 - Loaded System Directive: org.apache.velocity.runtime.directive.Include
2013-06-26 10:49:47,243 - Loaded System Directive: org.apache.velocity.runtime.directive.Foreach
2013-06-26 10:49:47,259 - Created '20' parsers.
2013-06-26 10:49:47,274 - Velocimacro : "velocimacro.library" is not set.  Trying default library: VM_global_library.vm
2013-06-26 10:49:47,274 - Velocimacro : Default library not found.
2013-06-26 10:49:47,274 - Velocimacro : allowInline = true : VMs can be defined inline in templates
2013-06-26 10:49:47,274 - Velocimacro : allowInlineToOverride = false : VMs defined inline may NOT replace previous VM definitions
2013-06-26 10:49:47,274 - Velocimacro : allowInlineLocal = false : VMs defined inline will be global in scope if allowed.
2013-06-26 10:49:47,274 - Velocimacro : autoload off : VM system will not automatically reload global library macros
2013-06-26 10:49:47,430 - ResourceManager : found testcase/cdf/example.vm with loader org.apache.velocity.runtime.resource.loader.FileResourceLoader
2013-06-26 10:49:47,446 - Null reference [template 'testcase/cdf/example.vm', line 30, column 11] : $cdf.variables().size() cannot be resolved.
