2013-03-27 12:59:43,250 - Loaded System Directive: org.apache.velocity.runtime.directive.Define
2013-03-27 12:59:43,250 - Loaded System Directive: org.apache.velocity.runtime.directive.Break
2013-03-27 12:59:43,250 - Loaded System Directive: org.apache.velocity.runtime.directive.Evaluate
2013-03-27 12:59:43,250 - Loaded System Directive: org.apache.velocity.runtime.directive.Literal
2013-03-27 12:59:43,250 - Loaded System Directive: org.apache.velocity.runtime.directive.Macro
2013-03-27 12:59:43,250 - Loaded System Directive: org.apache.velocity.runtime.directive.Parse
2013-03-27 12:59:43,250 - Loaded System Directive: org.apache.velocity.runtime.directive.Include
2013-03-27 12:59:43,250 - Loaded System Directive: org.apache.velocity.runtime.directive.Foreach
2013-03-27 12:59:43,266 - Created '20' parsers.
2013-03-27 12:59:43,266 - Velocimacro : "velocimacro.library" is not set.  Trying default library: VM_global_library.vm
2013-03-27 12:59:43,266 - Velocimacro : Default library not found.
2013-03-27 12:59:43,266 - Velocimacro : allowInline = true : VMs can be defined inline in templates
2013-03-27 12:59:43,266 - Velocimacro : allowInlineToOverride = false : VMs defined inline may NOT replace previous VM definitions
2013-03-27 12:59:43,266 - Velocimacro : allowInlineLocal = false : VMs defined inline will be global in scope if allowed.
2013-03-27 12:59:43,266 - Velocimacro : autoload off : VM system will not automatically reload global library macros
2013-03-27 13:01:43,540 - Log4JLogChute initialized using file 'velocity.log'
2013-03-27 13:01:43,540 - Initializing Velocity, Calling init()...
2013-03-27 13:01:43,540 - Starting Apache Velocity v1.7 (compiled: 2010-11-19 12:14:37)
2013-03-27 13:01:43,540 - Default Properties File: org\apache\velocity\runtime\defaults\velocity.properties
2013-03-27 13:01:43,540 - Trying to use logger class org.apache.velocity.runtime.log.AvalonLogChute
2013-03-27 13:01:43,540 - Target log system for org.apache.velocity.runtime.log.AvalonLogChute is not available (java.lang.NoClassDefFoundError: org/apache/log/format/Formatter).  Falling back to next log system...
2013-03-27 13:01:43,540 - Trying to use logger class org.apache.velocity.runtime.log.Log4JLogChute
2013-03-27 13:01:43,540 - Using logger class org.apache.velocity.runtime.log.Log4JLogChute
2013-03-27 13:01:43,556 - ResourceLoader instantiated: org.apache.velocity.runtime.resource.loader.FileResourceLoader
2013-03-27 13:01:43,556 - Do unicode file recognition:  false
2013-03-27 13:01:43,556 - FileResourceLoader : adding path '.'
2013-03-27 13:01:43,556 - ResourceCache: initialized (class org.apache.velocity.runtime.resource.ResourceCacheImpl) with class java.util.Collections$SynchronizedMap cache map.
2013-03-27 13:01:43,556 - Loaded System Directive: org.apache.velocity.runtime.directive.Stop
2013-03-27 13:01:43,556 - Loaded System Directive: org.apache.velocity.runtime.directive.Define
2013-03-27 13:01:43,556 - Loaded System Directive: org.apache.velocity.runtime.directive.Break
2013-03-27 13:01:43,556 - Loaded System Directive: org.apache.velocity.runtime.directive.Evaluate
2013-03-27 13:01:43,556 - Loaded System Directive: org.apache.velocity.runtime.directive.Literal
2013-03-27 13:01:43,556 - Loaded System Directive: org.apache.velocity.runtime.directive.Macro
2013-03-27 13:01:43,556 - Loaded System Directive: org.apache.velocity.runtime.directive.Parse
2013-03-27 13:01:43,556 - Loaded System Directive: org.apache.velocity.runtime.directive.Include
2013-03-27 13:01:43,556 - Loaded System Directive: org.apache.velocity.runtime.directive.Foreach
2013-03-27 13:01:43,587 - Created '20' parsers.
2013-03-27 13:01:43,587 - Velocimacro : "velocimacro.library" is not set.  Trying default library: VM_global_library.vm
2013-03-27 13:01:43,587 - Velocimacro : Default library not found.
2013-03-27 13:01:43,587 - Velocimacro : allowInline = true : VMs can be defined inline in templates
2013-03-27 13:01:43,587 - Velocimacro : allowInlineToOverride = false : VMs defined inline may NOT replace previous VM definitions
2013-03-27 13:01:43,587 - Velocimacro : allowInlineLocal = false : VMs defined inline will be global in scope if allowed.
2013-03-27 13:01:43,587 - Velocimacro : autoload off : VM system will not automatically reload global library macros
2013-03-27 13:01:43,602 - ResourceManager : found example-pds3.vm with loader org.apache.velocity.runtime.resource.loader.FileResourceLoader
2013-03-27 13:01:43,602 - Right side of math operation ($options.record_bytes) is not a Number. example-pds3.vm[line 26, column 58]
2013-03-27 13:01:43,602 - RHS of #set statement is null. Context will not be modified. example-pds3.vm[line 26, column 1]
2013-03-27 13:01:43,602 - Null reference [template 'example-pds3.vm', line 27, column 33] : $file_records cannot be resolved.
2013-03-27 13:01:47,861 - Log4JLogChute initialized using file 'velocity.log'
2013-03-27 13:01:47,861 - Initializing Velocity, Calling init()...
2013-03-27 13:01:47,861 - Starting Apache Velocity v1.7 (compiled: 2010-11-19 12:14:37)
2013-03-27 13:01:47,861 - Default Properties File: org\apache\velocity\runtime\defaults\velocity.properties
2013-03-27 13:01:47,861 - Trying to use logger class org.apache.velocity.runtime.log.AvalonLogChute
2013-03-27 13:01:47,861 - Target log system for org.apache.velocity.runtime.log.AvalonLogChute is not available (java.lang.NoClassDefFoundError: org/apache/log/format/Formatter).  Falling back to next log system...
2013-03-27 13:01:47,861 - Trying to use logger class org.apache.velocity.runtime.log.Log4JLogChute
2013-03-27 13:01:47,861 - Using logger class org.apache.velocity.runtime.log.Log4JLogChute
2013-03-27 13:01:47,861 - ResourceLoader instantiated: org.apache.velocity.runtime.resource.loader.FileResourceLoader
2013-03-27 13:01:47,861 - Do unicode file recognition:  false
2013-03-27 13:01:47,861 - FileResourceLoader : adding path '.'
2013-03-27 13:01:47,877 - ResourceCache: initialized (class org.apache.velocity.runtime.resource.ResourceCacheImpl) with class java.util.Collections$SynchronizedMap cache map.
2013-03-27 13:01:47,877 - Loaded System Directive: org.apache.velocity.runtime.directive.Stop
2013-03-27 13:01:47,877 - Loaded System Directive: org.apache.velocity.runtime.directive.Define
2013-03-27 13:01:47,877 - Loaded System Directive: org.apache.velocity.runtime.directive.Break
2013-03-27 13:01:47,877 - Loaded System Directive: org.apache.velocity.runtime.directive.Evaluate
2013-03-27 13:01:47,877 - Loaded System Directive: org.apache.velocity.runtime.directive.Literal
2013-03-27 13:01:47,877 - Loaded System Directive: org.apache.velocity.runtime.directive.Macro
2013-03-27 13:01:47,877 - Loaded System Directive: org.apache.velocity.runtime.directive.Parse
2013-03-27 13:01:47,877 - Loaded System Directive: org.apache.velocity.runtime.directive.Include
2013-03-27 13:01:47,877 - Loaded System Directive: org.apache.velocity.runtime.directive.Foreach
2013-03-27 13:01:47,893 - Created '20' parsers.
2013-03-27 13:01:47,893 - Velocimacro : "velocimacro.library" is not set.  Trying default library: VM_global_library.vm
2013-03-27 13:01:47,893 - Velocimacro : Default library not found.
2013-03-27 13:01:47,893 - Velocimacro : allowInline = true : VMs can be defined inline in templates
2013-03-27 13:01:47,893 - Velocimacro : allowInlineToOverride = false : VMs defined inline may NOT replace previous VM definitions
2013-03-27 13:01:47,893 - Velocimacro : allowInlineLocal = false : VMs defined inline will be global in scope if allowed.
2013-03-27 13:01:47,893 - Velocimacro : autoload off : VM system will not automatically reload global library macros
2013-03-27 13:01:47,908 - ResourceManager : found example-pds3.vm with loader org.apache.velocity.runtime.resource.loader.FileResourceLoader
2013-03-27 13:01:47,924 - Right side of math operation ($options.record_bytes) is not a Number. example-pds3.vm[line 26, column 58]
2013-03-27 13:01:47,924 - RHS of #set statement is null. Context will not be modified. example-pds3.vm[line 26, column 1]
2013-03-27 13:01:47,924 - Null reference [template 'example-pds3.vm', line 27, column 33] : $file_records cannot be resolved.
2013-03-27 13:02:53,023 - Log4JLogChute initialized using file 'velocity.log'
2013-03-27 13:02:53,023 - Initializing Velocity, Calling init()...
2013-03-27 13:02:53,023 - Starting Apache Velocity v1.7 (compiled: 2010-11-19 12:14:37)
2013-03-27 13:02:53,023 - Default Properties File: org\apache\velocity\runtime\defaults\velocity.properties
2013-03-27 13:02:53,023 - Trying to use logger class org.apache.velocity.runtime.log.AvalonLogChute
2013-03-27 13:02:53,023 - Target log system for org.apache.velocity.runtime.log.AvalonLogChute is not available (java.lang.NoClassDefFoundError: org/apache/log/format/Formatter).  Falling back to next log system...
2013-03-27 13:02:53,023 - Trying to use logger class org.apache.velocity.runtime.log.Log4JLogChute
2013-03-27 13:02:53,023 - Using logger class org.apache.velocity.runtime.log.Log4JLogChute
2013-03-27 13:02:53,023 - ResourceLoader instantiated: org.apache.velocity.runtime.resource.loader.FileResourceLoader
2013-03-27 13:02:53,023 - Do unicode file recognition:  false
2013-03-27 13:02:53,023 - FileResourceLoader : adding path '.'
2013-03-27 13:02:53,023 - ResourceCache: initialized (class org.apache.velocity.runtime.resource.ResourceCacheImpl) with class java.util.Collections$SynchronizedMap cache map.
2013-03-27 13:02:53,023 - Loaded System Directive: org.apache.velocity.runtime.directive.Stop
2013-03-27 13:02:53,023 - Loaded System Directive: org.apache.velocity.runtime.directive.Define
2013-03-27 13:02:53,023 - Loaded System Directive: org.apache.velocity.runtime.directive.Break
2013-03-27 13:02:53,023 - Loaded System Directive: org.apache.velocity.runtime.directive.Evaluate
2013-03-27 13:02:53,023 - Loaded System Directive: org.apache.velocity.runtime.directive.Literal
2013-03-27 13:02:53,023 - Loaded System Directive: org.apache.velocity.runtime.directive.Macro
2013-03-27 13:02:53,038 - Loaded System Directive: org.apache.velocity.runtime.directive.Parse
2013-03-27 13:02:53,038 - Loaded System Directive: org.apache.velocity.runtime.directive.Include
2013-03-27 13:02:53,038 - Loaded System Directive: org.apache.velocity.runtime.directive.Foreach
2013-03-27 13:02:53,054 - Created '20' parsers.
2013-03-27 13:02:53,054 - Velocimacro : "velocimacro.library" is not set.  Trying default library: VM_global_library.vm
2013-03-27 13:02:53,054 - Velocimacro : Default library not found.
2013-03-27 13:02:53,054 - Velocimacro : allowInline = true : VMs can be defined inline in templates
2013-03-27 13:02:53,054 - Velocimacro : allowInlineToOverride = false : VMs defined inline may NOT replace previous VM definitions
2013-03-27 13:02:53,054 - Velocimacro : allowInlineLocal = false : VMs defined inline will be global in scope if allowed.
2013-03-27 13:02:53,054 - Velocimacro : autoload off : VM system will not automatically reload global library macros
2013-03-27 13:02:53,069 - ResourceManager : found example-pds3.vm with loader org.apache.velocity.runtime.resource.loader.FileResourceLoader
2013-03-27 13:02:53,085 - Null reference [template 'example-pds3.vm', line 26, column 33] : $Calc.perform($File.getSize($options.data_file), "/", $options.record_bytes) cannot be resolved.
2013-03-27 13:03:14,145 - Log4JLogChute initialized using file 'velocity.log'
2013-03-27 13:03:14,145 - Initializing Velocity, Calling init()...
2013-03-27 13:03:14,145 - Starting Apache Velocity v1.7 (compiled: 2010-11-19 12:14:37)
2013-03-27 13:03:14,145 - Default Properties File: org\apache\velocity\runtime\defaults\velocity.properties
2013-03-27 13:03:14,145 - Trying to use logger class org.apache.velocity.runtime.log.AvalonLogChute
2013-03-27 13:03:14,145 - Target log system for org.apache.velocity.runtime.log.AvalonLogChute is not available (java.lang.NoClassDefFoundError: org/apache/log/format/Formatter).  Falling back to next log system...
2013-03-27 13:03:14,145 - Trying to use logger class org.apache.velocity.runtime.log.Log4JLogChute
2013-03-27 13:03:14,145 - Using logger class org.apache.velocity.runtime.log.Log4JLogChute
2013-03-27 13:03:14,145 - ResourceLoader instantiated: org.apache.velocity.runtime.resource.loader.FileResourceLoader
2013-03-27 13:03:14,145 - Do unicode file recognition:  false
2013-03-27 13:03:14,145 - FileResourceLoader : adding path '.'
2013-03-27 13:03:14,145 - ResourceCache: initialized (class org.apache.velocity.runtime.resource.ResourceCacheImpl) with class java.util.Collections$SynchronizedMap cache map.
2013-03-27 13:03:14,145 - Loaded System Directive: org.apache.velocity.runtime.directive.Stop
2013-03-27 13:03:14,145 - Loaded System Directive: org.apache.velocity.runtime.directive.Define
2013-03-27 13:03:14,145 - Loaded System Directive: org.apache.velocity.runtime.directive.Break
2013-03-27 13:03:14,161 - Loaded System Directive: org.apache.velocity.runtime.directive.Evaluate
2013-03-27 13:03:14,161 - Loaded System Directive: org.apache.velocity.runtime.directive.Literal
2013-03-27 13:03:14,161 - Loaded System Directive: org.apache.velocity.runtime.directive.Macro
2013-03-27 13:03:14,161 - Loaded System Directive: org.apache.velocity.runtime.directive.Parse
2013-03-27 13:03:14,161 - Loaded System Directive: org.apache.velocity.runtime.directive.Include
2013-03-27 13:03:14,161 - Loaded System Directive: org.apache.velocity.runtime.directive.Foreach
2013-03-27 13:03:14,176 - Created '20' parsers.
2013-03-27 13:03:14,176 - Velocimacro : "velocimacro.library" is not set.  Trying default library: VM_global_library.vm
2013-03-27 13:03:14,176 - Velocimacro : Default library not found.
2013-03-27 13:03:14,176 - Velocimacro : allowInline = true : VMs can be defined inline in templates
2013-03-27 13:03:14,176 - Velocimacro : allowInlineToOverride = false : VMs defined inline may NOT replace previous VM definitions
2013-03-27 13:03:14,176 - Velocimacro : allowInlineLocal = false : VMs defined inline will be global in scope if allowed.
2013-03-27 13:03:14,176 - Velocimacro : autoload off : VM system will not automatically reload global library macros
2013-03-27 13:03:14,192 - ResourceManager : found example-pds3.vm with loader org.apache.velocity.runtime.resource.loader.FileResourceLoader
2013-03-27 13:03:14,207 - Null reference [template 'example-pds3.vm', line 26, column 33] : $Calc.perform($File.getSize($options.data_file), "/", $options.record_bytes) cannot be resolved.
2013-03-27 13:04:41,677 - Log4JLogChute initialized using file 'velocity.log'
2013-03-27 13:04:41,677 - Initializing Velocity, Calling init()...
2013-03-27 13:04:41,677 - Starting Apache Velocity v1.7 (compiled: 2010-11-19 12:14:37)
2013-03-27 13:04:41,677 - Default Properties File: org\apache\velocity\runtime\defaults\velocity.properties
2013-03-27 13:04:41,677 - Trying to use logger class org.apache.velocity.runtime.log.AvalonLogChute
2013-03-27 13:04:41,677 - Target log system for org.apache.velocity.runtime.log.AvalonLogChute is not available (java.lang.NoClassDefFoundError: org/apache/log/format/Formatter).  Falling back to next log system...
2013-03-27 13:04:41,677 - Trying to use logger class org.apache.velocity.runtime.log.Log4JLogChute
2013-03-27 13:04:41,677 - Using logger class org.apache.velocity.runtime.log.Log4JLogChute
2013-03-27 13:04:41,677 - ResourceLoader instantiated: org.apache.velocity.runtime.resource.loader.FileResourceLoader
2013-03-27 13:04:41,677 - Do unicode file recognition:  false
2013-03-27 13:04:41,677 - FileResourceLoader : adding path '.'
2013-03-27 13:04:41,692 - ResourceCache: initialized (class org.apache.velocity.runtime.resource.ResourceCacheImpl) with class java.util.Collections$SynchronizedMap cache map.
2013-03-27 13:04:41,692 - Loaded System Directive: org.apache.velocity.runtime.directive.Stop
2013-03-27 13:04:41,692 - Loaded System Directive: org.apache.velocity.runtime.directive.Define
2013-03-27 13:04:41,692 - Loaded System Directive: org.apache.velocity.runtime.directive.Break
2013-03-27 13:04:41,692 - Loaded System Directive: org.apache.velocity.runtime.directive.Evaluate
2013-03-27 13:04:41,692 - Loaded System Directive: org.apache.velocity.runtime.directive.Literal
2013-03-27 13:04:41,692 - Loaded System Directive: org.apache.velocity.runtime.directive.Macro
2013-03-27 13:04:41,692 - Loaded System Directive: org.apache.velocity.runtime.directive.Parse
2013-03-27 13:04:41,692 - Loaded System Directive: org.apache.velocity.runtime.directive.Include
2013-03-27 13:04:41,692 - Loaded System Directive: org.apache.velocity.runtime.directive.Foreach
2013-03-27 13:04:41,708 - Created '20' parsers.
2013-03-27 13:04:41,724 - Velocimacro : "velocimacro.library" is not set.  Trying default library: VM_global_library.vm
2013-03-27 13:04:41,724 - Velocimacro : Default library not found.
2013-03-27 13:04:41,724 - Velocimacro : allowInline = true : VMs can be defined inline in templates
2013-03-27 13:04:41,724 - Velocimacro : allowInlineToOverride = false : VMs defined inline may NOT replace previous VM definitions
2013-03-27 13:04:41,724 - Velocimacro : allowInlineLocal = false : VMs defined inline will be global in scope if allowed.
2013-03-27 13:04:41,724 - Velocimacro : autoload off : VM system will not automatically reload global library macros
2013-03-27 13:04:41,724 - ResourceManager : found example-pds3.vm with loader org.apache.velocity.runtime.resource.loader.FileResourceLoader
2013-03-27 13:04:46,029 - Log4JLogChute initialized using file 'velocity.log'
2013-03-27 13:04:46,029 - Initializing Velocity, Calling init()...
2013-03-27 13:04:46,029 - Starting Apache Velocity v1.7 (compiled: 2010-11-19 12:14:37)
2013-03-27 13:04:46,029 - Default Properties File: org\apache\velocity\runtime\defaults\velocity.properties
2013-03-27 13:04:46,029 - Trying to use logger class org.apache.velocity.runtime.log.AvalonLogChute
2013-03-27 13:04:46,029 - Target log system for org.apache.velocity.runtime.log.AvalonLogChute is not available (java.lang.NoClassDefFoundError: org/apache/log/format/Formatter).  Falling back to next log system...
2013-03-27 13:04:46,029 - Trying to use logger class org.apache.velocity.runtime.log.Log4JLogChute
2013-03-27 13:04:46,029 - Using logger class org.apache.velocity.runtime.log.Log4JLogChute
2013-03-27 13:04:46,029 - ResourceLoader instantiated: org.apache.velocity.runtime.resource.loader.FileResourceLoader
2013-03-27 13:04:46,029 - Do unicode file recognition:  false
2013-03-27 13:04:46,029 - FileResourceLoader : adding path '.'
2013-03-27 13:04:46,045 - ResourceCache: initialized (class org.apache.velocity.runtime.resource.ResourceCacheImpl) with class java.util.Collections$SynchronizedMap cache map.
2013-03-27 13:04:46,045 - Loaded System Directive: org.apache.velocity.runtime.directive.Stop
2013-03-27 13:04:46,045 - Loaded System Directive: org.apache.velocity.runtime.directive.Define
2013-03-27 13:04:46,045 - Loaded System Directive: org.apache.velocity.runtime.directive.Break
2013-03-27 13:04:46,045 - Loaded System Directive: org.apache.velocity.runtime.directive.Evaluate
2013-03-27 13:04:46,045 - Loaded System Directive: org.apache.velocity.runtime.directive.Literal
2013-03-27 13:04:46,045 - Loaded System Directive: org.apache.velocity.runtime.directive.Macro
2013-03-27 13:04:46,045 - Loaded System Directive: org.apache.velocity.runtime.directive.Parse
2013-03-27 13:04:46,045 - Loaded System Directive: org.apache.velocity.runtime.directive.Include
2013-03-27 13:04:46,045 - Loaded System Directive: org.apache.velocity.runtime.directive.Foreach
2013-03-27 13:04:46,060 - Created '20' parsers.
2013-03-27 13:04:46,060 - Velocimacro : "velocimacro.library" is not set.  Trying default library: VM_global_library.vm
2013-03-27 13:04:46,060 - Velocimacro : Default library not found.
2013-03-27 13:04:46,060 - Velocimacro : allowInline = true : VMs can be defined inline in templates
2013-03-27 13:04:46,060 - Velocimacro : allowInlineToOverride = false : VMs defined inline may NOT replace previous VM definitions
2013-03-27 13:04:46,060 - Velocimacro : allowInlineLocal = false : VMs defined inline will be global in scope if allowed.
2013-03-27 13:04:46,060 - Velocimacro : autoload off : VM system will not automatically reload global library macros
2013-03-27 13:04:46,076 - ResourceManager : found example-pds3.vm with loader org.apache.velocity.runtime.resource.loader.FileResourceLoader
2013-03-27 13:10:55,568 - Log4JLogChute initialized using file 'velocity.log'
2013-03-27 13:10:55,568 - Initializing Velocity, Calling init()...
2013-03-27 13:10:55,568 - Starting Apache Velocity v1.7 (compiled: 2010-11-19 12:14:37)
2013-03-27 13:10:55,568 - Default Properties File: org\apache\velocity\runtime\defaults\velocity.properties
2013-03-27 13:10:55,568 - Trying to use logger class org.apache.velocity.runtime.log.AvalonLogChute
2013-03-27 13:10:55,568 - Target log system for org.apache.velocity.runtime.log.AvalonLogChute is not available (java.lang.NoClassDefFoundError: org/apache/log/format/Formatter).  Falling back to next log system...
2013-03-27 13:10:55,568 - Trying to use logger class org.apache.velocity.runtime.log.Log4JLogChute
2013-03-27 13:10:55,568 - Using logger class org.apache.velocity.runtime.log.Log4JLogChute
2013-03-27 13:10:55,568 - ResourceLoader instantiated: org.apache.velocity.runtime.resource.loader.FileResourceLoader
2013-03-27 13:10:55,568 - Do unicode file recognition:  false
2013-03-27 13:10:55,568 - FileResourceLoader : adding path '.'
2013-03-27 13:10:55,583 - ResourceCache: initialized (class org.apache.velocity.runtime.resource.ResourceCacheImpl) with class java.util.Collections$SynchronizedMap cache map.
2013-03-27 13:10:55,583 - Loaded System Directive: org.apache.velocity.runtime.directive.Stop
2013-03-27 13:10:55,583 - Loaded System Directive: org.apache.velocity.runtime.directive.Define
2013-03-27 13:10:55,583 - Loaded System Directive: org.apache.velocity.runtime.directive.Break
2013-03-27 13:10:55,583 - Loaded System Directive: org.apache.velocity.runtime.directive.Evaluate
2013-03-27 13:10:55,583 - Loaded System Directive: org.apache.velocity.runtime.directive.Literal
2013-03-27 13:10:55,583 - Loaded System Directive: org.apache.velocity.runtime.directive.Macro
2013-03-27 13:10:55,583 - Loaded System Directive: org.apache.velocity.runtime.directive.Parse
2013-03-27 13:10:55,583 - Loaded System Directive: org.apache.velocity.runtime.directive.Include
2013-03-27 13:10:55,583 - Loaded System Directive: org.apache.velocity.runtime.directive.Foreach
2013-03-27 13:10:55,599 - Created '20' parsers.
2013-03-27 13:10:55,599 - Velocimacro : "velocimacro.library" is not set.  Trying default library: VM_global_library.vm
2013-03-27 13:10:55,599 - Velocimacro : Default library not found.
2013-03-27 13:10:55,599 - Velocimacro : allowInline = true : VMs can be defined inline in templates
2013-03-27 13:10:55,599 - Velocimacro : allowInlineToOverride = false : VMs defined inline may NOT replace previous VM definitions
2013-03-27 13:10:55,599 - Velocimacro : allowInlineLocal = false : VMs defined inline will be global in scope if allowed.
2013-03-27 13:10:55,599 - Velocimacro : autoload off : VM system will not automatically reload global library macros
2013-03-27 13:10:55,614 - ResourceManager : found example-pds3.vm with loader org.apache.velocity.runtime.resource.loader.FileResourceLoader
2013-03-27 13:11:21,916 - Log4JLogChute initialized using file 'velocity.log'
2013-03-27 13:11:21,916 - Initializing Velocity, Calling init()...
2013-03-27 13:11:21,916 - Starting Apache Velocity v1.7 (compiled: 2010-11-19 12:14:37)
2013-03-27 13:11:21,916 - Default Properties File: org\apache\velocity\runtime\defaults\velocity.properties
2013-03-27 13:11:21,916 - Trying to use logger class org.apache.velocity.runtime.log.AvalonLogChute
2013-03-27 13:11:21,916 - Target log system for org.apache.velocity.runtime.log.AvalonLogChute is not available (java.lang.NoClassDefFoundError: org/apache/log/format/Formatter).  Falling back to next log system...
2013-03-27 13:11:21,916 - Trying to use logger class org.apache.velocity.runtime.log.Log4JLogChute
2013-03-27 13:11:21,916 - Using logger class org.apache.velocity.runtime.log.Log4JLogChute
2013-03-27 13:11:21,916 - ResourceLoader instantiated: org.apache.velocity.runtime.resource.loader.FileResourceLoader
2013-03-27 13:11:21,916 - Do unicode file recognition:  false
2013-03-27 13:11:21,916 - FileResourceLoader : adding path '.'
2013-03-27 13:11:21,916 - ResourceCache: initialized (class org.apache.velocity.runtime.resource.ResourceCacheImpl) with class java.util.Collections$SynchronizedMap cache map.
2013-03-27 13:11:21,916 - Loaded System Directive: org.apache.velocity.runtime.directive.Stop
2013-03-27 13:11:21,916 - Loaded System Directive: org.apache.velocity.runtime.directive.Define
2013-03-27 13:11:21,916 - Loaded System Directive: org.apache.velocity.runtime.directive.Break
2013-03-27 13:11:21,916 - Loaded System Directive: org.apache.velocity.runtime.directive.Evaluate
2013-03-27 13:11:21,916 - Loaded System Directive: org.apache.velocity.runtime.directive.Literal
2013-03-27 13:11:21,916 - Loaded System Directive: org.apache.velocity.runtime.directive.Macro
2013-03-27 13:11:21,932 - Loaded System Directive: org.apache.velocity.runtime.directive.Parse
2013-03-27 13:11:21,932 - Loaded System Directive: org.apache.velocity.runtime.directive.Include
2013-03-27 13:11:21,932 - Loaded System Directive: org.apache.velocity.runtime.directive.Foreach
2013-03-27 13:11:21,947 - Created '20' parsers.
2013-03-27 13:11:21,947 - Velocimacro : "velocimacro.library" is not set.  Trying default library: VM_global_library.vm
2013-03-27 13:11:21,947 - Velocimacro : Default library not found.
2013-03-27 13:11:21,947 - Velocimacro : allowInline = true : VMs can be defined inline in templates
2013-03-27 13:11:21,947 - Velocimacro : allowInlineToOverride = false : VMs defined inline may NOT replace previous VM definitions
2013-03-27 13:11:21,947 - Velocimacro : allowInlineLocal = false : VMs defined inline will be global in scope if allowed.
2013-03-27 13:11:21,947 - Velocimacro : autoload off : VM system will not automatically reload global library macros
2013-03-27 13:11:21,963 - ResourceManager : found example-pds3.vm with loader org.apache.velocity.runtime.resource.loader.FileResourceLoader
2013-03-27 13:11:21,979 - Null reference [template 'example-pds3.vm', line 26, column 33] : $Calc.perform(4.0, "/", $options.record_bytes) cannot be resolved.
2013-03-27 13:12:14,644 - Log4JLogChute initialized using file 'velocity.log'
2013-03-27 13:12:14,644 - Initializing Velocity, Calling init()...
2013-03-27 13:12:14,644 - Starting Apache Velocity v1.7 (compiled: 2010-11-19 12:14:37)
2013-03-27 13:12:14,644 - Default Properties File: org\apache\velocity\runtime\defaults\velocity.properties
2013-03-27 13:12:14,644 - Trying to use logger class org.apache.velocity.runtime.log.AvalonLogChute
2013-03-27 13:12:14,644 - Target log system for org.apache.velocity.runtime.log.AvalonLogChute is not available (java.lang.NoClassDefFoundError: org/apache/log/format/Formatter).  Falling back to next log system...
2013-03-27 13:12:14,644 - Trying to use logger class org.apache.velocity.runtime.log.Log4JLogChute
2013-03-27 13:12:14,644 - Using logger class org.apache.velocity.runtime.log.Log4JLogChute
2013-03-27 13:12:14,644 - ResourceLoader instantiated: org.apache.velocity.runtime.resource.loader.FileResourceLoader
2013-03-27 13:12:14,644 - Do unicode file recognition:  false
2013-03-27 13:12:14,644 - FileResourceLoader : adding path '.'
2013-03-27 13:12:14,660 - ResourceCache: initialized (class org.apache.velocity.runtime.resource.ResourceCacheImpl) with class java.util.Collections$SynchronizedMap cache map.
2013-03-27 13:12:14,660 - Loaded System Directive: org.apache.velocity.runtime.directive.Stop
2013-03-27 13:12:14,660 - Loaded System Directive: org.apache.velocity.runtime.directive.Define
2013-03-27 13:12:14,660 - Loaded System Directive: org.apache.velocity.runtime.directive.Break
2013-03-27 13:12:14,660 - Loaded System Directive: org.apache.velocity.runtime.directive.Evaluate
2013-03-27 13:12:14,660 - Loaded System Directive: org.apache.velocity.runtime.directive.Literal
2013-03-27 13:12:14,660 - Loaded System Directive: org.apache.velocity.runtime.directive.Macro
2013-03-27 13:12:14,660 - Loaded System Directive: org.apache.velocity.runtime.directive.Parse
2013-03-27 13:12:14,660 - Loaded System Directive: org.apache.velocity.runtime.directive.Include
2013-03-27 13:12:14,660 - Loaded System Directive: org.apache.velocity.runtime.directive.Foreach
2013-03-27 13:12:14,675 - Created '20' parsers.
2013-03-27 13:12:14,691 - Velocimacro : "velocimacro.library" is not set.  Trying default library: VM_global_library.vm
2013-03-27 13:12:14,691 - Velocimacro : Default library not found.
2013-03-27 13:12:14,691 - Velocimacro : allowInline = true : VMs can be defined inline in templates
2013-03-27 13:12:14,691 - Velocimacro : allowInlineToOverride = false : VMs defined inline may NOT replace previous VM definitions
2013-03-27 13:12:14,691 - Velocimacro : allowInlineLocal = false : VMs defined inline will be global in scope if allowed.
2013-03-27 13:12:14,691 - Velocimacro : autoload off : VM system will not automatically reload global library macros
2013-03-27 13:12:14,707 - ResourceManager : found example-pds3.vm with loader org.apache.velocity.runtime.resource.loader.FileResourceLoader
2013-03-27 13:12:53,426 - Log4JLogChute initialized using file 'velocity.log'
2013-03-27 13:12:53,426 - Initializing Velocity, Calling init()...
2013-03-27 13:12:53,426 - Starting Apache Velocity v1.7 (compiled: 2010-11-19 12:14:37)
2013-03-27 13:12:53,426 - Default Properties File: org\apache\velocity\runtime\defaults\velocity.properties
2013-03-27 13:12:53,426 - Trying to use logger class org.apache.velocity.runtime.log.AvalonLogChute
2013-03-27 13:12:53,426 - Target log system for org.apache.velocity.runtime.log.AvalonLogChute is not available (java.lang.NoClassDefFoundError: org/apache/log/format/Formatter).  Falling back to next log system...
2013-03-27 13:12:53,426 - Trying to use logger class org.apache.velocity.runtime.log.Log4JLogChute
2013-03-27 13:12:53,426 - Using logger class org.apache.velocity.runtime.log.Log4JLogChute
2013-03-27 13:12:53,426 - ResourceLoader instantiated: org.apache.velocity.runtime.resource.loader.FileResourceLoader
2013-03-27 13:12:53,426 - Do unicode file recognition:  false
2013-03-27 13:12:53,426 - FileResourceLoader : adding path '.'
2013-03-27 13:12:53,441 - ResourceCache: initialized (class org.apache.velocity.runtime.resource.ResourceCacheImpl) with class java.util.Collections$SynchronizedMap cache map.
2013-03-27 13:12:53,441 - Loaded System Directive: org.apache.velocity.runtime.directive.Stop
2013-03-27 13:12:53,441 - Loaded System Directive: org.apache.velocity.runtime.directive.Define
2013-03-27 13:12:53,441 - Loaded System Directive: org.apache.velocity.runtime.directive.Break
2013-03-27 13:12:53,441 - Loaded System Directive: org.apache.velocity.runtime.directive.Evaluate
2013-03-27 13:12:53,441 - Loaded System Directive: org.apache.velocity.runtime.directive.Literal
2013-03-27 13:12:53,441 - Loaded System Directive: org.apache.velocity.runtime.directive.Macro
2013-03-27 13:12:53,441 - Loaded System Directive: org.apache.velocity.runtime.directive.Parse
2013-03-27 13:12:53,441 - Loaded System Directive: org.apache.velocity.runtime.directive.Include
2013-03-27 13:12:53,441 - Loaded System Directive: org.apache.velocity.runtime.directive.Foreach
2013-03-27 13:12:53,457 - Created '20' parsers.
2013-03-27 13:12:53,457 - Velocimacro : "velocimacro.library" is not set.  Trying default library: VM_global_library.vm
2013-03-27 13:12:53,457 - Velocimacro : Default library not found.
2013-03-27 13:12:53,457 - Velocimacro : allowInline = true : VMs can be defined inline in templates
2013-03-27 13:12:53,457 - Velocimacro : allowInlineToOverride = false : VMs defined inline may NOT replace previous VM definitions
2013-03-27 13:12:53,457 - Velocimacro : allowInlineLocal = false : VMs defined inline will be global in scope if allowed.
2013-03-27 13:12:53,457 - Velocimacro : autoload off : VM system will not automatically reload global library macros
2013-03-27 13:12:53,473 - ResourceManager : found example-pds3.vm with loader org.apache.velocity.runtime.resource.loader.FileResourceLoader
2013-03-27 13:15:20,707 - Log4JLogChute initialized using file 'velocity.log'
2013-03-27 13:15:20,707 - Initializing Velocity, Calling init()...
2013-03-27 13:15:20,707 - Starting Apache Velocity v1.7 (compiled: 2010-11-19 12:14:37)
2013-03-27 13:15:20,707 - Default Properties File: org\apache\velocity\runtime\defaults\velocity.properties
2013-03-27 13:15:20,707 - Trying to use logger class org.apache.velocity.runtime.log.AvalonLogChute
2013-03-27 13:15:20,707 - Target log system for org.apache.velocity.runtime.log.AvalonLogChute is not available (java.lang.NoClassDefFoundError: org/apache/log/format/Formatter).  Falling back to next log system...
2013-03-27 13:15:20,707 - Trying to use logger class org.apache.velocity.runtime.log.Log4JLogChute
2013-03-27 13:15:20,707 - Using logger class org.apache.velocity.runtime.log.Log4JLogChute
2013-03-27 13:15:20,707 - ResourceLoader instantiated: org.apache.velocity.runtime.resource.loader.FileResourceLoader
2013-03-27 13:15:20,722 - Do unicode file recognition:  false
2013-03-27 13:15:20,722 - FileResourceLoader : adding path '.'
2013-03-27 13:15:20,722 - ResourceCache: initialized (class org.apache.velocity.runtime.resource.ResourceCacheImpl) with class java.util.Collections$SynchronizedMap cache map.
2013-03-27 13:15:20,722 - Loaded System Directive: org.apache.velocity.runtime.directive.Stop
2013-03-27 13:15:20,722 - Loaded System Directive: org.apache.velocity.runtime.directive.Define
2013-03-27 13:15:20,722 - Loaded System Directive: org.apache.velocity.runtime.directive.Break
2013-03-27 13:15:20,722 - Loaded System Directive: org.apache.velocity.runtime.directive.Evaluate
2013-03-27 13:15:20,722 - Loaded System Directive: org.apache.velocity.runtime.directive.Literal
2013-03-27 13:15:20,722 - Loaded System Directive: org.apache.velocity.runtime.directive.Macro
2013-03-27 13:15:20,722 - Loaded System Directive: org.apache.velocity.runtime.directive.Parse
2013-03-27 13:15:20,722 - Loaded System Directive: org.apache.velocity.runtime.directive.Include
2013-03-27 13:15:20,722 - Loaded System Directive: org.apache.velocity.runtime.directive.Foreach
2013-03-27 13:15:20,754 - Created '20' parsers.
2013-03-27 13:15:20,754 - Velocimacro : "velocimacro.library" is not set.  Trying default library: VM_global_library.vm
2013-03-27 13:15:20,754 - Velocimacro : Default library not found.
2013-03-27 13:15:20,754 - Velocimacro : allowInline = true : VMs can be defined inline in templates
2013-03-27 13:15:20,754 - Velocimacro : allowInlineToOverride = false : VMs defined inline may NOT replace previous VM definitions
2013-03-27 13:15:20,754 - Velocimacro : allowInlineLocal = false : VMs defined inline will be global in scope if allowed.
2013-03-27 13:15:20,754 - Velocimacro : autoload off : VM system will not automatically reload global library macros
2013-03-27 13:15:20,769 - ResourceManager : found example-pds3.vm with loader org.apache.velocity.runtime.resource.loader.FileResourceLoader
2013-03-27 13:15:35,106 - Log4JLogChute initialized using file 'velocity.log'
2013-03-27 13:15:35,106 - Initializing Velocity, Calling init()...
2013-03-27 13:15:35,106 - Starting Apache Velocity v1.7 (compiled: 2010-11-19 12:14:37)
2013-03-27 13:15:35,106 - Default Properties File: org\apache\velocity\runtime\defaults\velocity.properties
2013-03-27 13:15:35,106 - Trying to use logger class org.apache.velocity.runtime.log.AvalonLogChute
2013-03-27 13:15:35,106 - Target log system for org.apache.velocity.runtime.log.AvalonLogChute is not available (java.lang.NoClassDefFoundError: org/apache/log/format/Formatter).  Falling back to next log system...
2013-03-27 13:15:35,106 - Trying to use logger class org.apache.velocity.runtime.log.Log4JLogChute
2013-03-27 13:15:35,106 - Using logger class org.apache.velocity.runtime.log.Log4JLogChute
2013-03-27 13:15:35,106 - ResourceLoader instantiated: org.apache.velocity.runtime.resource.loader.FileResourceLoader
2013-03-27 13:15:35,106 - Do unicode file recognition:  false
2013-03-27 13:15:35,106 - FileResourceLoader : adding path '.'
2013-03-27 13:15:35,106 - ResourceCache: initialized (class org.apache.velocity.runtime.resource.ResourceCacheImpl) with class java.util.Collections$SynchronizedMap cache map.
2013-03-27 13:15:35,121 - Loaded System Directive: org.apache.velocity.runtime.directive.Stop
2013-03-27 13:15:35,121 - Loaded System Directive: org.apache.velocity.runtime.directive.Define
2013-03-27 13:15:35,121 - Loaded System Directive: org.apache.velocity.runtime.directive.Break
2013-03-27 13:15:35,121 - Loaded System Directive: org.apache.velocity.runtime.directive.Evaluate
2013-03-27 13:15:35,121 - Loaded System Directive: org.apache.velocity.runtime.directive.Literal
2013-03-27 13:15:35,121 - Loaded System Directive: org.apache.velocity.runtime.directive.Macro
2013-03-27 13:15:35,121 - Loaded System Directive: org.apache.velocity.runtime.directive.Parse
2013-03-27 13:15:35,121 - Loaded System Directive: org.apache.velocity.runtime.directive.Include
2013-03-27 13:15:35,121 - Loaded System Directive: org.apache.velocity.runtime.directive.Foreach
2013-03-27 13:15:35,137 - Created '20' parsers.
2013-03-27 13:15:35,137 - Velocimacro : "velocimacro.library" is not set.  Trying default library: VM_global_library.vm
2013-03-27 13:15:35,137 - Velocimacro : Default library not found.
2013-03-27 13:15:35,137 - Velocimacro : allowInline = true : VMs can be defined inline in templates
2013-03-27 13:15:35,137 - Velocimacro : allowInlineToOverride = false : VMs defined inline may NOT replace previous VM definitions
2013-03-27 13:15:35,137 - Velocimacro : allowInlineLocal = false : VMs defined inline will be global in scope if allowed.
2013-03-27 13:15:35,137 - Velocimacro : autoload off : VM system will not automatically reload global library macros
2013-03-27 13:15:35,152 - ResourceManager : found example-pds3.vm with loader org.apache.velocity.runtime.resource.loader.FileResourceLoader
2013-03-27 14:33:12,731 - Log4JLogChute initialized using file 'velocity.log'
2013-03-27 14:33:12,731 - Initializing Velocity, Calling init()...
2013-03-27 14:33:12,731 - Starting Apache Velocity v1.7 (compiled: 2010-11-19 12:14:37)
2013-03-27 14:33:12,731 - Default Properties File: org\apache\velocity\runtime\defaults\velocity.properties
2013-03-27 14:33:12,731 - Trying to use logger class org.apache.velocity.runtime.log.AvalonLogChute
2013-03-27 14:33:12,731 - Target log system for org.apache.velocity.runtime.log.AvalonLogChute is not available (java.lang.NoClassDefFoundError: org/apache/log/format/Formatter).  Falling back to next log system...
2013-03-27 14:33:12,731 - Trying to use logger class org.apache.velocity.runtime.log.Log4JLogChute
2013-03-27 14:33:12,731 - Using logger class org.apache.velocity.runtime.log.Log4JLogChute
2013-03-27 14:33:12,731 - ResourceLoader instantiated: org.apache.velocity.runtime.resource.loader.FileResourceLoader
2013-03-27 14:33:12,731 - Do unicode file recognition:  false
2013-03-27 14:33:12,731 - FileResourceLoader : adding path '.'
2013-03-27 14:33:12,746 - ResourceCache: initialized (class org.apache.velocity.runtime.resource.ResourceCacheImpl) with class java.util.Collections$SynchronizedMap cache map.
2013-03-27 14:33:12,746 - Loaded System Directive: org.apache.velocity.runtime.directive.Stop
2013-03-27 14:33:12,746 - Loaded System Directive: org.apache.velocity.runtime.directive.Define
2013-03-27 14:33:12,746 - Loaded System Directive: org.apache.velocity.runtime.directive.Break
2013-03-27 14:33:12,746 - Loaded System Directive: org.apache.velocity.runtime.directive.Evaluate
2013-03-27 14:33:12,746 - Loaded System Directive: org.apache.velocity.runtime.directive.Literal
2013-03-27 14:33:12,746 - Loaded System Directive: org.apache.velocity.runtime.directive.Macro
2013-03-27 14:33:12,746 - Loaded System Directive: org.apache.velocity.runtime.directive.Parse
2013-03-27 14:33:12,746 - Loaded System Directive: org.apache.velocity.runtime.directive.Include
2013-03-27 14:33:12,746 - Loaded System Directive: org.apache.velocity.runtime.directive.Foreach
2013-03-27 14:33:12,762 - Created '20' parsers.
2013-03-27 14:33:12,762 - Velocimacro : "velocimacro.library" is not set.  Trying default library: VM_global_library.vm
2013-03-27 14:33:12,762 - Velocimacro : Default library not found.
2013-03-27 14:33:12,762 - Velocimacro : allowInline = true : VMs can be defined inline in templates
2013-03-27 14:33:12,762 - Velocimacro : allowInlineToOverride = false : VMs defined inline may NOT replace previous VM definitions
2013-03-27 14:33:12,762 - Velocimacro : allowInlineLocal = false : VMs defined inline will be global in scope if allowed.
2013-03-27 14:33:12,762 - Velocimacro : autoload off : VM system will not automatically reload global library macros
2013-03-27 14:33:12,777 - ResourceManager : found example-pds3.vm with loader org.apache.velocity.runtime.resource.loader.FileResourceLoader
2013-03-27 14:33:12,793 - Null reference [template 'example-pds3.vm', line 26, column 33] : $Math.floor($Calc.perform($Long.toString($File.getSize($options.data_file)), "/", $options.record_bytes)) cannot be resolved.
2013-03-27 14:35:24,582 - Log4JLogChute initialized using file 'velocity.log'
2013-03-27 14:35:24,582 - Initializing Velocity, Calling init()...
2013-03-27 14:35:24,582 - Starting Apache Velocity v1.7 (compiled: 2010-11-19 12:14:37)
2013-03-27 14:35:24,582 - Default Properties File: org\apache\velocity\runtime\defaults\velocity.properties
2013-03-27 14:35:24,582 - Trying to use logger class org.apache.velocity.runtime.log.AvalonLogChute
2013-03-27 14:35:24,582 - Target log system for org.apache.velocity.runtime.log.AvalonLogChute is not available (java.lang.NoClassDefFoundError: org/apache/log/format/Formatter).  Falling back to next log system...
2013-03-27 14:35:24,582 - Trying to use logger class org.apache.velocity.runtime.log.Log4JLogChute
2013-03-27 14:35:24,582 - Using logger class org.apache.velocity.runtime.log.Log4JLogChute
2013-03-27 14:35:24,582 - ResourceLoader instantiated: org.apache.velocity.runtime.resource.loader.FileResourceLoader
2013-03-27 14:35:24,582 - Do unicode file recognition:  false
2013-03-27 14:35:24,582 - FileResourceLoader : adding path '.'
2013-03-27 14:35:24,598 - ResourceCache: initialized (class org.apache.velocity.runtime.resource.ResourceCacheImpl) with class java.util.Collections$SynchronizedMap cache map.
2013-03-27 14:35:24,598 - Loaded System Directive: org.apache.velocity.runtime.directive.Stop
2013-03-27 14:35:24,598 - Loaded System Directive: org.apache.velocity.runtime.directive.Define
2013-03-27 14:35:24,598 - Loaded System Directive: org.apache.velocity.runtime.directive.Break
2013-03-27 14:35:24,598 - Loaded System Directive: org.apache.velocity.runtime.directive.Evaluate
2013-03-27 14:35:24,598 - Loaded System Directive: org.apache.velocity.runtime.directive.Literal
2013-03-27 14:35:24,598 - Loaded System Directive: org.apache.velocity.runtime.directive.Macro
2013-03-27 14:35:24,598 - Loaded System Directive: org.apache.velocity.runtime.directive.Parse
2013-03-27 14:35:24,598 - Loaded System Directive: org.apache.velocity.runtime.directive.Include
2013-03-27 14:35:24,598 - Loaded System Directive: org.apache.velocity.runtime.directive.Foreach
2013-03-27 14:35:24,613 - Created '20' parsers.
2013-03-27 14:35:24,629 - Velocimacro : "velocimacro.library" is not set.  Trying default library: VM_global_library.vm
2013-03-27 14:35:24,629 - Velocimacro : Default library not found.
2013-03-27 14:35:24,629 - Velocimacro : allowInline = true : VMs can be defined inline in templates
2013-03-27 14:35:24,629 - Velocimacro : allowInlineToOverride = false : VMs defined inline may NOT replace previous VM definitions
2013-03-27 14:35:24,629 - Velocimacro : allowInlineLocal = false : VMs defined inline will be global in scope if allowed.
2013-03-27 14:35:24,629 - Velocimacro : autoload off : VM system will not automatically reload global library macros
2013-03-27 14:35:24,629 - ResourceManager : found example-pds3.vm with loader org.apache.velocity.runtime.resource.loader.FileResourceLoader
2013-03-27 14:35:24,644 - Null reference [template 'example-pds3.vm', line 26, column 33] : $Calc.perform($File.getSize($options.data_file), "/", $options.record_bytes) cannot be resolved.
2013-03-27 14:36:14,549 - Log4JLogChute initialized using file 'velocity.log'
2013-03-27 14:36:14,549 - Initializing Velocity, Calling init()...
2013-03-27 14:36:14,549 - Starting Apache Velocity v1.7 (compiled: 2010-11-19 12:14:37)
2013-03-27 14:36:14,549 - Default Properties File: org\apache\velocity\runtime\defaults\velocity.properties
2013-03-27 14:36:14,549 - Trying to use logger class org.apache.velocity.runtime.log.AvalonLogChute
2013-03-27 14:36:14,549 - Target log system for org.apache.velocity.runtime.log.AvalonLogChute is not available (java.lang.NoClassDefFoundError: org/apache/log/format/Formatter).  Falling back to next log system...
2013-03-27 14:36:14,549 - Trying to use logger class org.apache.velocity.runtime.log.Log4JLogChute
2013-03-27 14:36:14,549 - Using logger class org.apache.velocity.runtime.log.Log4JLogChute
2013-03-27 14:36:14,564 - ResourceLoader instantiated: org.apache.velocity.runtime.resource.loader.FileResourceLoader
2013-03-27 14:36:14,564 - Do unicode file recognition:  false
2013-03-27 14:36:14,564 - FileResourceLoader : adding path '.'
2013-03-27 14:36:14,564 - ResourceCache: initialized (class org.apache.velocity.runtime.resource.ResourceCacheImpl) with class java.util.Collections$SynchronizedMap cache map.
2013-03-27 14:36:14,564 - Loaded System Directive: org.apache.velocity.runtime.directive.Stop
2013-03-27 14:36:14,564 - Loaded System Directive: org.apache.velocity.runtime.directive.Define
2013-03-27 14:36:14,564 - Loaded System Directive: org.apache.velocity.runtime.directive.Break
2013-03-27 14:36:14,564 - Loaded System Directive: org.apache.velocity.runtime.directive.Evaluate
2013-03-27 14:36:14,564 - Loaded System Directive: org.apache.velocity.runtime.directive.Literal
2013-03-27 14:36:14,564 - Loaded System Directive: org.apache.velocity.runtime.directive.Macro
2013-03-27 14:36:14,564 - Loaded System Directive: org.apache.velocity.runtime.directive.Parse
2013-03-27 14:36:14,564 - Loaded System Directive: org.apache.velocity.runtime.directive.Include
2013-03-27 14:36:14,564 - Loaded System Directive: org.apache.velocity.runtime.directive.Foreach
2013-03-27 14:36:14,596 - Created '20' parsers.
2013-03-27 14:36:14,596 - Velocimacro : "velocimacro.library" is not set.  Trying default library: VM_global_library.vm
2013-03-27 14:36:14,596 - Velocimacro : Default library not found.
2013-03-27 14:36:14,596 - Velocimacro : allowInline = true : VMs can be defined inline in templates
2013-03-27 14:36:14,596 - Velocimacro : allowInlineToOverride = false : VMs defined inline may NOT replace previous VM definitions
2013-03-27 14:36:14,596 - Velocimacro : allowInlineLocal = false : VMs defined inline will be global in scope if allowed.
2013-03-27 14:36:14,596 - Velocimacro : autoload off : VM system will not automatically reload global library macros
2013-03-27 14:36:14,611 - ResourceManager : found example-pds3.vm with loader org.apache.velocity.runtime.resource.loader.FileResourceLoader
2013-03-27 14:37:04,469 - Log4JLogChute initialized using file 'velocity.log'
2013-03-27 14:37:04,469 - Initializing Velocity, Calling init()...
2013-03-27 14:37:04,469 - Starting Apache Velocity v1.7 (compiled: 2010-11-19 12:14:37)
2013-03-27 14:37:04,469 - Default Properties File: org\apache\velocity\runtime\defaults\velocity.properties
2013-03-27 14:37:04,469 - Trying to use logger class org.apache.velocity.runtime.log.AvalonLogChute
2013-03-27 14:37:04,469 - Target log system for org.apache.velocity.runtime.log.AvalonLogChute is not available (java.lang.NoClassDefFoundError: org/apache/log/format/Formatter).  Falling back to next log system...
2013-03-27 14:37:04,469 - Trying to use logger class org.apache.velocity.runtime.log.Log4JLogChute
2013-03-27 14:37:04,469 - Using logger class org.apache.velocity.runtime.log.Log4JLogChute
2013-03-27 14:37:04,469 - ResourceLoader instantiated: org.apache.velocity.runtime.resource.loader.FileResourceLoader
2013-03-27 14:37:04,469 - Do unicode file recognition:  false
2013-03-27 14:37:04,469 - FileResourceLoader : adding path '.'
2013-03-27 14:37:04,485 - ResourceCache: initialized (class org.apache.velocity.runtime.resource.ResourceCacheImpl) with class java.util.Collections$SynchronizedMap cache map.
2013-03-27 14:37:04,485 - Loaded System Directive: org.apache.velocity.runtime.directive.Stop
2013-03-27 14:37:04,485 - Loaded System Directive: org.apache.velocity.runtime.directive.Define
2013-03-27 14:37:04,485 - Loaded System Directive: org.apache.velocity.runtime.directive.Break
2013-03-27 14:37:04,485 - Loaded System Directive: org.apache.velocity.runtime.directive.Evaluate
2013-03-27 14:37:04,485 - Loaded System Directive: org.apache.velocity.runtime.directive.Literal
2013-03-27 14:37:04,485 - Loaded System Directive: org.apache.velocity.runtime.directive.Macro
2013-03-27 14:37:04,485 - Loaded System Directive: org.apache.velocity.runtime.directive.Parse
2013-03-27 14:37:04,485 - Loaded System Directive: org.apache.velocity.runtime.directive.Include
2013-03-27 14:37:04,485 - Loaded System Directive: org.apache.velocity.runtime.directive.Foreach
2013-03-27 14:37:04,500 - Created '20' parsers.
2013-03-27 14:37:04,516 - Velocimacro : "velocimacro.library" is not set.  Trying default library: VM_global_library.vm
2013-03-27 14:37:04,516 - Velocimacro : Default library not found.
2013-03-27 14:37:04,516 - Velocimacro : allowInline = true : VMs can be defined inline in templates
2013-03-27 14:37:04,516 - Velocimacro : allowInlineToOverride = false : VMs defined inline may NOT replace previous VM definitions
2013-03-27 14:37:04,516 - Velocimacro : allowInlineLocal = false : VMs defined inline will be global in scope if allowed.
2013-03-27 14:37:04,516 - Velocimacro : autoload off : VM system will not automatically reload global library macros
2013-03-27 14:37:04,531 - ResourceManager : found example-pds3.vm with loader org.apache.velocity.runtime.resource.loader.FileResourceLoader
2013-03-27 14:37:04,531 - Null reference [template 'example-pds3.vm', line 26, column 33] : $Math.floor($Calc.perform($File.getSize($options.data_file), "/", $options.record_bytes)) cannot be resolved.
2013-03-27 14:43:38,344 - Log4JLogChute initialized using file 'velocity.log'
2013-03-27 14:43:38,344 - Initializing Velocity, Calling init()...
2013-03-27 14:43:38,344 - Starting Apache Velocity v1.7 (compiled: 2010-11-19 12:14:37)
2013-03-27 14:43:38,344 - Default Properties File: org\apache\velocity\runtime\defaults\velocity.properties
2013-03-27 14:43:38,344 - Trying to use logger class org.apache.velocity.runtime.log.AvalonLogChute
2013-03-27 14:43:38,344 - Target log system for org.apache.velocity.runtime.log.AvalonLogChute is not available (java.lang.NoClassDefFoundError: org/apache/log/format/Formatter).  Falling back to next log system...
2013-03-27 14:43:38,344 - Trying to use logger class org.apache.velocity.runtime.log.Log4JLogChute
2013-03-27 14:43:38,344 - Using logger class org.apache.velocity.runtime.log.Log4JLogChute
2013-03-27 14:43:38,344 - ResourceLoader instantiated: org.apache.velocity.runtime.resource.loader.FileResourceLoader
2013-03-27 14:43:38,344 - Do unicode file recognition:  false
2013-03-27 14:43:38,344 - FileResourceLoader : adding path '.'
2013-03-27 14:43:38,344 - ResourceCache: initialized (class org.apache.velocity.runtime.resource.ResourceCacheImpl) with class java.util.Collections$SynchronizedMap cache map.
2013-03-27 14:43:38,344 - Loaded System Directive: org.apache.velocity.runtime.directive.Stop
2013-03-27 14:43:38,344 - Loaded System Directive: org.apache.velocity.runtime.directive.Define
2013-03-27 14:43:38,344 - Loaded System Directive: org.apache.velocity.runtime.directive.Break
2013-03-27 14:43:38,344 - Loaded System Directive: org.apache.velocity.runtime.directive.Evaluate
2013-03-27 14:43:38,344 - Loaded System Directive: org.apache.velocity.runtime.directive.Literal
2013-03-27 14:43:38,344 - Loaded System Directive: org.apache.velocity.runtime.directive.Macro
2013-03-27 14:43:38,359 - Loaded System Directive: org.apache.velocity.runtime.directive.Parse
2013-03-27 14:43:38,359 - Loaded System Directive: org.apache.velocity.runtime.directive.Include
2013-03-27 14:43:38,359 - Loaded System Directive: org.apache.velocity.runtime.directive.Foreach
2013-03-27 14:43:38,375 - Created '20' parsers.
2013-03-27 14:43:38,375 - Velocimacro : "velocimacro.library" is not set.  Trying default library: VM_global_library.vm
2013-03-27 14:43:38,375 - Velocimacro : Default library not found.
2013-03-27 14:43:38,375 - Velocimacro : allowInline = true : VMs can be defined inline in templates
2013-03-27 14:43:38,375 - Velocimacro : allowInlineToOverride = false : VMs defined inline may NOT replace previous VM definitions
2013-03-27 14:43:38,375 - Velocimacro : allowInlineLocal = false : VMs defined inline will be global in scope if allowed.
2013-03-27 14:43:38,375 - Velocimacro : autoload off : VM system will not automatically reload global library macros
2013-03-27 14:43:38,390 - ResourceManager : found example-pds3.vm with loader org.apache.velocity.runtime.resource.loader.FileResourceLoader
2013-03-27 14:43:38,390 - Null reference [template 'example-pds3.vm', line 26, column 33] : $Math.floor($Calc.perform($File.getSize($options.data_file), "/", $options.record_bytes)) cannot be resolved.
2013-03-27 14:43:58,093 - Log4JLogChute initialized using file 'velocity.log'
2013-03-27 14:43:58,093 - Initializing Velocity, Calling init()...
2013-03-27 14:43:58,093 - Starting Apache Velocity v1.7 (compiled: 2010-11-19 12:14:37)
2013-03-27 14:43:58,093 - Default Properties File: org\apache\velocity\runtime\defaults\velocity.properties
2013-03-27 14:43:58,093 - Trying to use logger class org.apache.velocity.runtime.log.AvalonLogChute
2013-03-27 14:43:58,093 - Target log system for org.apache.velocity.runtime.log.AvalonLogChute is not available (java.lang.NoClassDefFoundError: org/apache/log/format/Formatter).  Falling back to next log system...
2013-03-27 14:43:58,093 - Trying to use logger class org.apache.velocity.runtime.log.Log4JLogChute
2013-03-27 14:43:58,093 - Using logger class org.apache.velocity.runtime.log.Log4JLogChute
2013-03-27 14:43:58,093 - ResourceLoader instantiated: org.apache.velocity.runtime.resource.loader.FileResourceLoader
2013-03-27 14:43:58,093 - Do unicode file recognition:  false
2013-03-27 14:43:58,093 - FileResourceLoader : adding path '.'
2013-03-27 14:43:58,093 - ResourceCache: initialized (class org.apache.velocity.runtime.resource.ResourceCacheImpl) with class java.util.Collections$SynchronizedMap cache map.
2013-03-27 14:43:58,109 - Loaded System Directive: org.apache.velocity.runtime.directive.Stop
2013-03-27 14:43:58,109 - Loaded System Directive: org.apache.velocity.runtime.directive.Define
2013-03-27 14:43:58,109 - Loaded System Directive: org.apache.velocity.runtime.directive.Break
2013-03-27 14:43:58,109 - Loaded System Directive: org.apache.velocity.runtime.directive.Evaluate
2013-03-27 14:43:58,109 - Loaded System Directive: org.apache.velocity.runtime.directive.Literal
2013-03-27 14:43:58,109 - Loaded System Directive: org.apache.velocity.runtime.directive.Macro
2013-03-27 14:43:58,109 - Loaded System Directive: org.apache.velocity.runtime.directive.Parse
2013-03-27 14:43:58,109 - Loaded System Directive: org.apache.velocity.runtime.directive.Include
2013-03-27 14:43:58,109 - Loaded System Directive: org.apache.velocity.runtime.directive.Foreach
2013-03-27 14:43:58,124 - Created '20' parsers.
2013-03-27 14:43:58,124 - Velocimacro : "velocimacro.library" is not set.  Trying default library: VM_global_library.vm
2013-03-27 14:43:58,124 - Velocimacro : Default library not found.
2013-03-27 14:43:58,124 - Velocimacro : allowInline = true : VMs can be defined inline in templates
2013-03-27 14:43:58,124 - Velocimacro : allowInlineToOverride = false : VMs defined inline may NOT replace previous VM definitions
2013-03-27 14:43:58,124 - Velocimacro : allowInlineLocal = false : VMs defined inline will be global in scope if allowed.
2013-03-27 14:43:58,124 - Velocimacro : autoload off : VM system will not automatically reload global library macros
2013-03-27 14:43:58,140 - ResourceManager : found example-pds3.vm with loader org.apache.velocity.runtime.resource.loader.FileResourceLoader
2013-03-27 14:43:58,156 - Null reference [template 'example-pds3.vm', line 26, column 33] : $Math.floor($Calc.perform($File.getSize($options.data_file), "/", $options.record_bytes)) cannot be resolved.
2013-03-27 14:44:12,164 - Log4JLogChute initialized using file 'velocity.log'
2013-03-27 14:44:12,164 - Initializing Velocity, Calling init()...
2013-03-27 14:44:12,164 - Starting Apache Velocity v1.7 (compiled: 2010-11-19 12:14:37)
2013-03-27 14:44:12,164 - Default Properties File: org\apache\velocity\runtime\defaults\velocity.properties
2013-03-27 14:44:12,164 - Trying to use logger class org.apache.velocity.runtime.log.AvalonLogChute
2013-03-27 14:44:12,164 - Target log system for org.apache.velocity.runtime.log.AvalonLogChute is not available (java.lang.NoClassDefFoundError: org/apache/log/format/Formatter).  Falling back to next log system...
2013-03-27 14:44:12,164 - Trying to use logger class org.apache.velocity.runtime.log.Log4JLogChute
2013-03-27 14:44:12,164 - Using logger class org.apache.velocity.runtime.log.Log4JLogChute
2013-03-27 14:44:12,164 - ResourceLoader instantiated: org.apache.velocity.runtime.resource.loader.FileResourceLoader
2013-03-27 14:44:12,164 - Do unicode file recognition:  false
2013-03-27 14:44:12,164 - FileResourceLoader : adding path '.'
2013-03-27 14:44:12,164 - ResourceCache: initialized (class org.apache.velocity.runtime.resource.ResourceCacheImpl) with class java.util.Collections$SynchronizedMap cache map.
2013-03-27 14:44:12,164 - Loaded System Directive: org.apache.velocity.runtime.directive.Stop
2013-03-27 14:44:12,164 - Loaded System Directive: org.apache.velocity.runtime.directive.Define
2013-03-27 14:44:12,164 - Loaded System Directive: org.apache.velocity.runtime.directive.Break
2013-03-27 14:44:12,164 - Loaded System Directive: org.apache.velocity.runtime.directive.Evaluate
2013-03-27 14:44:12,164 - Loaded System Directive: org.apache.velocity.runtime.directive.Literal
2013-03-27 14:44:12,164 - Loaded System Directive: org.apache.velocity.runtime.directive.Macro
2013-03-27 14:44:12,164 - Loaded System Directive: org.apache.velocity.runtime.directive.Parse
2013-03-27 14:44:12,164 - Loaded System Directive: org.apache.velocity.runtime.directive.Include
2013-03-27 14:44:12,164 - Loaded System Directive: org.apache.velocity.runtime.directive.Foreach
2013-03-27 14:44:12,196 - Created '20' parsers.
2013-03-27 14:44:12,196 - Velocimacro : "velocimacro.library" is not set.  Trying default library: VM_global_library.vm
2013-03-27 14:44:12,196 - Velocimacro : Default library not found.
2013-03-27 14:44:12,196 - Velocimacro : allowInline = true : VMs can be defined inline in templates
2013-03-27 14:44:12,196 - Velocimacro : allowInlineToOverride = false : VMs defined inline may NOT replace previous VM definitions
2013-03-27 14:44:12,196 - Velocimacro : allowInlineLocal = false : VMs defined inline will be global in scope if allowed.
2013-03-27 14:44:12,196 - Velocimacro : autoload off : VM system will not automatically reload global library macros
2013-03-27 14:44:12,211 - ResourceManager : found example-pds3.vm with loader org.apache.velocity.runtime.resource.loader.FileResourceLoader
2013-03-27 14:44:12,211 - Null reference [template 'example-pds3.vm', line 26, column 33] : $Math.floor($Calc.perform($File.getSize($options.data_file), "/", $options.record_bytes)) cannot be resolved.
2013-03-27 14:44:33,193 - Log4JLogChute initialized using file 'velocity.log'
2013-03-27 14:44:33,193 - Initializing Velocity, Calling init()...
2013-03-27 14:44:33,193 - Starting Apache Velocity v1.7 (compiled: 2010-11-19 12:14:37)
2013-03-27 14:44:33,193 - Default Properties File: org\apache\velocity\runtime\defaults\velocity.properties
2013-03-27 14:44:33,193 - Trying to use logger class org.apache.velocity.runtime.log.AvalonLogChute
2013-03-27 14:44:33,193 - Target log system for org.apache.velocity.runtime.log.AvalonLogChute is not available (java.lang.NoClassDefFoundError: org/apache/log/format/Formatter).  Falling back to next log system...
2013-03-27 14:44:33,193 - Trying to use logger class org.apache.velocity.runtime.log.Log4JLogChute
2013-03-27 14:44:33,193 - Using logger class org.apache.velocity.runtime.log.Log4JLogChute
2013-03-27 14:44:33,193 - ResourceLoader instantiated: org.apache.velocity.runtime.resource.loader.FileResourceLoader
2013-03-27 14:44:33,193 - Do unicode file recognition:  false
2013-03-27 14:44:33,193 - FileResourceLoader : adding path '.'
2013-03-27 14:44:33,193 - ResourceCache: initialized (class org.apache.velocity.runtime.resource.ResourceCacheImpl) with class java.util.Collections$SynchronizedMap cache map.
2013-03-27 14:44:33,209 - Loaded System Directive: org.apache.velocity.runtime.directive.Stop
2013-03-27 14:44:33,209 - Loaded System Directive: org.apache.velocity.runtime.directive.Define
2013-03-27 14:44:33,209 - Loaded System Directive: org.apache.velocity.runtime.directive.Break
2013-03-27 14:44:33,209 - Loaded System Directive: org.apache.velocity.runtime.directive.Evaluate
2013-03-27 14:44:33,209 - Loaded System Directive: org.apache.velocity.runtime.directive.Literal
2013-03-27 14:44:33,209 - Loaded System Directive: org.apache.velocity.runtime.directive.Macro
2013-03-27 14:44:33,209 - Loaded System Directive: org.apache.velocity.runtime.directive.Parse
2013-03-27 14:44:33,209 - Loaded System Directive: org.apache.velocity.runtime.directive.Include
2013-03-27 14:44:33,209 - Loaded System Directive: org.apache.velocity.runtime.directive.Foreach
2013-03-27 14:44:33,225 - Created '20' parsers.
2013-03-27 14:44:33,225 - Velocimacro : "velocimacro.library" is not set.  Trying default library: VM_global_library.vm
2013-03-27 14:44:33,225 - Velocimacro : Default library not found.
2013-03-27 14:44:33,225 - Velocimacro : allowInline = true : VMs can be defined inline in templates
2013-03-27 14:44:33,225 - Velocimacro : allowInlineToOverride = false : VMs defined inline may NOT replace previous VM definitions
2013-03-27 14:44:33,225 - Velocimacro : allowInlineLocal = false : VMs defined inline will be global in scope if allowed.
2013-03-27 14:44:33,225 - Velocimacro : autoload off : VM system will not automatically reload global library macros
2013-03-27 14:44:33,240 - ResourceManager : found example-pds3.vm with loader org.apache.velocity.runtime.resource.loader.FileResourceLoader
2013-03-27 14:44:33,256 - Null reference [template 'example-pds3.vm', line 26, column 33] : $Math.floor($Calc.perform($File.getSize($options.data_file), "/", $options.record_bytes)) cannot be resolved.
2013-03-27 14:44:45,439 - Log4JLogChute initialized using file 'velocity.log'
2013-03-27 14:44:45,439 - Initializing Velocity, Calling init()...
2013-03-27 14:44:45,439 - Starting Apache Velocity v1.7 (compiled: 2010-11-19 12:14:37)
2013-03-27 14:44:45,439 - Default Properties File: org\apache\velocity\runtime\defaults\velocity.properties
2013-03-27 14:44:45,439 - Trying to use logger class org.apache.velocity.runtime.log.AvalonLogChute
2013-03-27 14:44:45,439 - Target log system for org.apache.velocity.runtime.log.AvalonLogChute is not available (java.lang.NoClassDefFoundError: org/apache/log/format/Formatter).  Falling back to next log system...
2013-03-27 14:44:45,439 - Trying to use logger class org.apache.velocity.runtime.log.Log4JLogChute
2013-03-27 14:44:45,439 - Using logger class org.apache.velocity.runtime.log.Log4JLogChute
2013-03-27 14:44:45,455 - ResourceLoader instantiated: org.apache.velocity.runtime.resource.loader.FileResourceLoader
2013-03-27 14:44:45,455 - Do unicode file recognition:  false
2013-03-27 14:44:45,455 - FileResourceLoader : adding path '.'
2013-03-27 14:44:45,455 - ResourceCache: initialized (class org.apache.velocity.runtime.resource.ResourceCacheImpl) with class java.util.Collections$SynchronizedMap cache map.
2013-03-27 14:44:45,455 - Loaded System Directive: org.apache.velocity.runtime.directive.Stop
2013-03-27 14:44:45,455 - Loaded System Directive: org.apache.velocity.runtime.directive.Define
2013-03-27 14:44:45,455 - Loaded System Directive: org.apache.velocity.runtime.directive.Break
2013-03-27 14:44:45,455 - Loaded System Directive: org.apache.velocity.runtime.directive.Evaluate
2013-03-27 14:44:45,455 - Loaded System Directive: org.apache.velocity.runtime.directive.Literal
2013-03-27 14:44:45,455 - Loaded System Directive: org.apache.velocity.runtime.directive.Macro
2013-03-27 14:44:45,455 - Loaded System Directive: org.apache.velocity.runtime.directive.Parse
2013-03-27 14:44:45,455 - Loaded System Directive: org.apache.velocity.runtime.directive.Include
2013-03-27 14:44:45,455 - Loaded System Directive: org.apache.velocity.runtime.directive.Foreach
2013-03-27 14:44:45,486 - Created '20' parsers.
2013-03-27 14:44:45,486 - Velocimacro : "velocimacro.library" is not set.  Trying default library: VM_global_library.vm
2013-03-27 14:44:45,486 - Velocimacro : Default library not found.
2013-03-27 14:44:45,486 - Velocimacro : allowInline = true : VMs can be defined inline in templates
2013-03-27 14:44:45,486 - Velocimacro : allowInlineToOverride = false : VMs defined inline may NOT replace previous VM definitions
2013-03-27 14:44:45,486 - Velocimacro : allowInlineLocal = false : VMs defined inline will be global in scope if allowed.
2013-03-27 14:44:45,486 - Velocimacro : autoload off : VM system will not automatically reload global library macros
2013-03-27 14:44:45,502 - ResourceManager : found example-pds3.vm with loader org.apache.velocity.runtime.resource.loader.FileResourceLoader
2013-03-27 14:45:35,718 - Log4JLogChute initialized using file 'velocity.log'
2013-03-27 14:45:35,718 - Initializing Velocity, Calling init()...
2013-03-27 14:45:35,718 - Starting Apache Velocity v1.7 (compiled: 2010-11-19 12:14:37)
2013-03-27 14:45:35,718 - Default Properties File: org\apache\velocity\runtime\defaults\velocity.properties
2013-03-27 14:45:35,718 - Trying to use logger class org.apache.velocity.runtime.log.AvalonLogChute
2013-03-27 14:45:35,718 - Target log system for org.apache.velocity.runtime.log.AvalonLogChute is not available (java.lang.NoClassDefFoundError: org/apache/log/format/Formatter).  Falling back to next log system...
2013-03-27 14:45:35,718 - Trying to use logger class org.apache.velocity.runtime.log.Log4JLogChute
2013-03-27 14:45:35,718 - Using logger class org.apache.velocity.runtime.log.Log4JLogChute
2013-03-27 14:45:35,718 - ResourceLoader instantiated: org.apache.velocity.runtime.resource.loader.FileResourceLoader
2013-03-27 14:45:35,718 - Do unicode file recognition:  false
2013-03-27 14:45:35,718 - FileResourceLoader : adding path '.'
2013-03-27 14:45:35,734 - ResourceCache: initialized (class org.apache.velocity.runtime.resource.ResourceCacheImpl) with class java.util.Collections$SynchronizedMap cache map.
2013-03-27 14:45:35,734 - Loaded System Directive: org.apache.velocity.runtime.directive.Stop
2013-03-27 14:45:35,734 - Loaded System Directive: org.apache.velocity.runtime.directive.Define
2013-03-27 14:45:35,734 - Loaded System Directive: org.apache.velocity.runtime.directive.Break
2013-03-27 14:45:35,734 - Loaded System Directive: org.apache.velocity.runtime.directive.Evaluate
2013-03-27 14:45:35,734 - Loaded System Directive: org.apache.velocity.runtime.directive.Literal
2013-03-27 14:45:35,734 - Loaded System Directive: org.apache.velocity.runtime.directive.Macro
2013-03-27 14:45:35,734 - Loaded System Directive: org.apache.velocity.runtime.directive.Parse
2013-03-27 14:45:35,734 - Loaded System Directive: org.apache.velocity.runtime.directive.Include
2013-03-27 14:45:35,734 - Loaded System Directive: org.apache.velocity.runtime.directive.Foreach
2013-03-27 14:45:35,749 - Created '20' parsers.
2013-03-27 14:45:35,765 - Velocimacro : "velocimacro.library" is not set.  Trying default library: VM_global_library.vm
2013-03-27 14:45:35,765 - Velocimacro : Default library not found.
2013-03-27 14:45:35,765 - Velocimacro : allowInline = true : VMs can be defined inline in templates
2013-03-27 14:45:35,765 - Velocimacro : allowInlineToOverride = false : VMs defined inline may NOT replace previous VM definitions
2013-03-27 14:45:35,765 - Velocimacro : allowInlineLocal = false : VMs defined inline will be global in scope if allowed.
2013-03-27 14:45:35,765 - Velocimacro : autoload off : VM system will not automatically reload global library macros
2013-03-27 14:45:35,781 - ResourceManager : found example-pds3.vm with loader org.apache.velocity.runtime.resource.loader.FileResourceLoader
2013-03-28 15:30:14,566 - Log4JLogChute initialized using file 'velocity.log'
2013-03-28 15:30:14,566 - Initializing Velocity, Calling init()...
2013-03-28 15:30:14,566 - Starting Apache Velocity v1.7 (compiled: 2010-11-19 12:14:37)
2013-03-28 15:30:14,566 - Default Properties File: org\apache\velocity\runtime\defaults\velocity.properties
2013-03-28 15:30:14,566 - Trying to use logger class org.apache.velocity.runtime.log.AvalonLogChute
2013-03-28 15:30:14,566 - Target log system for org.apache.velocity.runtime.log.AvalonLogChute is not available (java.lang.NoClassDefFoundError: org/apache/log/format/Formatter).  Falling back to next log system...
2013-03-28 15:30:14,566 - Trying to use logger class org.apache.velocity.runtime.log.Log4JLogChute
2013-03-28 15:30:14,566 - Using logger class org.apache.velocity.runtime.log.Log4JLogChute
2013-03-28 15:30:14,566 - ResourceLoader instantiated: org.apache.velocity.runtime.resource.loader.FileResourceLoader
2013-03-28 15:30:14,566 - Do unicode file recognition:  false
2013-03-28 15:30:14,566 - FileResourceLoader : adding path '.'
2013-03-28 15:30:14,566 - ResourceCache: initialized (class org.apache.velocity.runtime.resource.ResourceCacheImpl) with class java.util.Collections$SynchronizedMap cache map.
2013-03-28 15:30:14,566 - Loaded System Directive: org.apache.velocity.runtime.directive.Stop
2013-03-28 15:30:14,566 - Loaded System Directive: org.apache.velocity.runtime.directive.Define
2013-03-28 15:30:14,566 - Loaded System Directive: org.apache.velocity.runtime.directive.Break
2013-03-28 15:30:14,566 - Loaded System Directive: org.apache.velocity.runtime.directive.Evaluate
2013-03-28 15:30:14,566 - Loaded System Directive: org.apache.velocity.runtime.directive.Literal
2013-03-28 15:30:14,566 - Loaded System Directive: org.apache.velocity.runtime.directive.Macro
2013-03-28 15:30:14,582 - Loaded System Directive: org.apache.velocity.runtime.directive.Parse
2013-03-28 15:30:14,582 - Loaded System Directive: org.apache.velocity.runtime.directive.Include
2013-03-28 15:30:14,582 - Loaded System Directive: org.apache.velocity.runtime.directive.Foreach
2013-03-28 15:30:14,598 - Created '20' parsers.
2013-03-28 15:30:14,598 - Velocimacro : "velocimacro.library" is not set.  Trying default library: VM_global_library.vm
2013-03-28 15:30:14,598 - Velocimacro : Default library not found.
2013-03-28 15:30:14,598 - Velocimacro : allowInline = true : VMs can be defined inline in templates
2013-03-28 15:30:14,598 - Velocimacro : allowInlineToOverride = false : VMs defined inline may NOT replace previous VM definitions
2013-03-28 15:30:14,598 - Velocimacro : allowInlineLocal = false : VMs defined inline will be global in scope if allowed.
2013-03-28 15:30:14,598 - Velocimacro : autoload off : VM system will not automatically reload global library macros
2013-03-28 15:30:14,613 - ResourceManager : found example-pds3.vm with loader org.apache.velocity.runtime.resource.loader.FileResourceLoader
2013-03-28 15:49:56,935 - Log4JLogChute initialized using file 'velocity.log'
2013-03-28 15:49:56,935 - Initializing Velocity, Calling init()...
2013-03-28 15:49:56,935 - Starting Apache Velocity v1.7 (compiled: 2010-11-19 12:14:37)
2013-03-28 15:49:56,935 - Default Properties File: org\apache\velocity\runtime\defaults\velocity.properties
2013-03-28 15:49:56,935 - Trying to use logger class org.apache.velocity.runtime.log.AvalonLogChute
2013-03-28 15:49:56,935 - Target log system for org.apache.velocity.runtime.log.AvalonLogChute is not available (java.lang.NoClassDefFoundError: org/apache/log/format/Formatter).  Falling back to next log system...
2013-03-28 15:49:56,935 - Trying to use logger class org.apache.velocity.runtime.log.Log4JLogChute
2013-03-28 15:49:56,935 - Using logger class org.apache.velocity.runtime.log.Log4JLogChute
2013-03-28 15:49:56,935 - ResourceLoader instantiated: org.apache.velocity.runtime.resource.loader.FileResourceLoader
2013-03-28 15:49:56,935 - Do unicode file recognition:  false
2013-03-28 15:49:56,935 - FileResourceLoader : adding path '.'
2013-03-28 15:49:56,950 - ResourceCache: initialized (class org.apache.velocity.runtime.resource.ResourceCacheImpl) with class java.util.Collections$SynchronizedMap cache map.
2013-03-28 15:49:56,950 - Loaded System Directive: org.apache.velocity.runtime.directive.Stop
2013-03-28 15:49:56,950 - Loaded System Directive: org.apache.velocity.runtime.directive.Define
2013-03-28 15:49:56,950 - Loaded System Directive: org.apache.velocity.runtime.directive.Break
2013-03-28 15:49:56,950 - Loaded System Directive: org.apache.velocity.runtime.directive.Evaluate
2013-03-28 15:49:56,950 - Loaded System Directive: org.apache.velocity.runtime.directive.Literal
2013-03-28 15:49:56,950 - Loaded System Directive: org.apache.velocity.runtime.directive.Macro
2013-03-28 15:49:56,950 - Loaded System Directive: org.apache.velocity.runtime.directive.Parse
2013-03-28 15:49:56,950 - Loaded System Directive: org.apache.velocity.runtime.directive.Include
2013-03-28 15:49:56,950 - Loaded System Directive: org.apache.velocity.runtime.directive.Foreach
2013-03-28 15:49:56,981 - Created '20' parsers.
2013-03-28 15:49:56,981 - Velocimacro : "velocimacro.library" is not set.  Trying default library: VM_global_library.vm
2013-03-28 15:49:56,981 - Velocimacro : Default library not found.
2013-03-28 15:49:56,981 - Velocimacro : allowInline = true : VMs can be defined inline in templates
2013-03-28 15:49:56,981 - Velocimacro : allowInlineToOverride = false : VMs defined inline may NOT replace previous VM definitions
2013-03-28 15:49:56,981 - Velocimacro : allowInlineLocal = false : VMs defined inline will be global in scope if allowed.
2013-03-28 15:49:56,981 - Velocimacro : autoload off : VM system will not automatically reload global library macros
2013-03-28 15:49:57,013 - ResourceManager : found example-html.vm with loader org.apache.velocity.runtime.resource.loader.FileResourceLoader
2013-03-28 15:50:55,965 - Log4JLogChute initialized using file 'velocity.log'
2013-03-28 15:50:55,965 - Initializing Velocity, Calling init()...
2013-03-28 15:50:55,965 - Starting Apache Velocity v1.7 (compiled: 2010-11-19 12:14:37)
2013-03-28 15:50:55,965 - Default Properties File: org\apache\velocity\runtime\defaults\velocity.properties
2013-03-28 15:50:55,965 - Trying to use logger class org.apache.velocity.runtime.log.AvalonLogChute
2013-03-28 15:50:55,965 - Target log system for org.apache.velocity.runtime.log.AvalonLogChute is not available (java.lang.NoClassDefFoundError: org/apache/log/format/Formatter).  Falling back to next log system...
2013-03-28 15:50:55,965 - Trying to use logger class org.apache.velocity.runtime.log.Log4JLogChute
2013-03-28 15:50:55,965 - Using logger class org.apache.velocity.runtime.log.Log4JLogChute
2013-03-28 15:50:55,965 - ResourceLoader instantiated: org.apache.velocity.runtime.resource.loader.FileResourceLoader
2013-03-28 15:50:55,965 - Do unicode file recognition:  false
2013-03-28 15:50:55,965 - FileResourceLoader : adding path '.'
2013-03-28 15:50:55,981 - ResourceCache: initialized (class org.apache.velocity.runtime.resource.ResourceCacheImpl) with class java.util.Collections$SynchronizedMap cache map.
2013-03-28 15:50:55,981 - Loaded System Directive: org.apache.velocity.runtime.directive.Stop
2013-03-28 15:50:55,981 - Loaded System Directive: org.apache.velocity.runtime.directive.Define
2013-03-28 15:50:55,981 - Loaded System Directive: org.apache.velocity.runtime.directive.Break
2013-03-28 15:50:55,981 - Loaded System Directive: org.apache.velocity.runtime.directive.Evaluate
2013-03-28 15:50:55,981 - Loaded System Directive: org.apache.velocity.runtime.directive.Literal
2013-03-28 15:50:55,981 - Loaded System Directive: org.apache.velocity.runtime.directive.Macro
2013-03-28 15:50:55,981 - Loaded System Directive: org.apache.velocity.runtime.directive.Parse
2013-03-28 15:50:55,981 - Loaded System Directive: org.apache.velocity.runtime.directive.Include
2013-03-28 15:50:55,981 - Loaded System Directive: org.apache.velocity.runtime.directive.Foreach
2013-03-28 15:50:55,996 - Created '20' parsers.
2013-03-28 15:50:56,012 - Velocimacro : "velocimacro.library" is not set.  Trying default library: VM_global_library.vm
2013-03-28 15:50:56,012 - Velocimacro : Default library not found.
2013-03-28 15:50:56,012 - Velocimacro : allowInline = true : VMs can be defined inline in templates
2013-03-28 15:50:56,012 - Velocimacro : allowInlineToOverride = false : VMs defined inline may NOT replace previous VM definitions
2013-03-28 15:50:56,012 - Velocimacro : allowInlineLocal = false : VMs defined inline will be global in scope if allowed.
2013-03-28 15:50:56,012 - Velocimacro : autoload off : VM system will not automatically reload global library macros
2013-03-28 15:50:56,028 - ResourceManager : found example-html.vm with loader org.apache.velocity.runtime.resource.loader.FileResourceLoader
2013-03-28 15:51:45,796 - Log4JLogChute initialized using file 'velocity.log'
2013-03-28 15:51:45,796 - Initializing Velocity, Calling init()...
2013-03-28 15:51:45,796 - Starting Apache Velocity v1.7 (compiled: 2010-11-19 12:14:37)
2013-03-28 15:51:45,796 - Default Properties File: org\apache\velocity\runtime\defaults\velocity.properties
2013-03-28 15:51:45,796 - Trying to use logger class org.apache.velocity.runtime.log.AvalonLogChute
2013-03-28 15:51:45,796 - Target log system for org.apache.velocity.runtime.log.AvalonLogChute is not available (java.lang.NoClassDefFoundError: org/apache/log/format/Formatter).  Falling back to next log system...
2013-03-28 15:51:45,796 - Trying to use logger class org.apache.velocity.runtime.log.Log4JLogChute
2013-03-28 15:51:45,796 - Using logger class org.apache.velocity.runtime.log.Log4JLogChute
2013-03-28 15:51:45,796 - ResourceLoader instantiated: org.apache.velocity.runtime.resource.loader.FileResourceLoader
2013-03-28 15:51:45,796 - Do unicode file recognition:  false
2013-03-28 15:51:45,796 - FileResourceLoader : adding path '.'
2013-03-28 15:51:45,811 - ResourceCache: initialized (class org.apache.velocity.runtime.resource.ResourceCacheImpl) with class java.util.Collections$SynchronizedMap cache map.
2013-03-28 15:51:45,811 - Loaded System Directive: org.apache.velocity.runtime.directive.Stop
2013-03-28 15:51:45,811 - Loaded System Directive: org.apache.velocity.runtime.directive.Define
2013-03-28 15:51:45,811 - Loaded System Directive: org.apache.velocity.runtime.directive.Break
2013-03-28 15:51:45,811 - Loaded System Directive: org.apache.velocity.runtime.directive.Evaluate
2013-03-28 15:51:45,811 - Loaded System Directive: org.apache.velocity.runtime.directive.Literal
2013-03-28 15:51:45,811 - Loaded System Directive: org.apache.velocity.runtime.directive.Macro
2013-03-28 15:51:45,811 - Loaded System Directive: org.apache.velocity.runtime.directive.Parse
2013-03-28 15:51:45,811 - Loaded System Directive: org.apache.velocity.runtime.directive.Include
2013-03-28 15:51:45,811 - Loaded System Directive: org.apache.velocity.runtime.directive.Foreach
2013-03-28 15:51:45,827 - Created '20' parsers.
2013-03-28 15:51:45,827 - Velocimacro : "velocimacro.library" is not set.  Trying default library: VM_global_library.vm
2013-03-28 15:51:45,827 - Velocimacro : Default library not found.
2013-03-28 15:51:45,827 - Velocimacro : allowInline = true : VMs can be defined inline in templates
2013-03-28 15:51:45,827 - Velocimacro : allowInlineToOverride = false : VMs defined inline may NOT replace previous VM definitions
2013-03-28 15:51:45,827 - Velocimacro : allowInlineLocal = false : VMs defined inline will be global in scope if allowed.
2013-03-28 15:51:45,827 - Velocimacro : autoload off : VM system will not automatically reload global library macros
2013-03-28 15:51:45,858 - ResourceManager : found example-html.vm with loader org.apache.velocity.runtime.resource.loader.FileResourceLoader
2013-03-28 15:51:56,326 - Log4JLogChute initialized using file 'velocity.log'
2013-03-28 15:51:56,326 - Initializing Velocity, Calling init()...
2013-03-28 15:51:56,326 - Starting Apache Velocity v1.7 (compiled: 2010-11-19 12:14:37)
2013-03-28 15:51:56,326 - Default Properties File: org\apache\velocity\runtime\defaults\velocity.properties
2013-03-28 15:51:56,326 - Trying to use logger class org.apache.velocity.runtime.log.AvalonLogChute
2013-03-28 15:51:56,326 - Target log system for org.apache.velocity.runtime.log.AvalonLogChute is not available (java.lang.NoClassDefFoundError: org/apache/log/format/Formatter).  Falling back to next log system...
2013-03-28 15:51:56,326 - Trying to use logger class org.apache.velocity.runtime.log.Log4JLogChute
2013-03-28 15:51:56,326 - Using logger class org.apache.velocity.runtime.log.Log4JLogChute
2013-03-28 15:51:56,326 - ResourceLoader instantiated: org.apache.velocity.runtime.resource.loader.FileResourceLoader
2013-03-28 15:51:56,326 - Do unicode file recognition:  false
2013-03-28 15:51:56,326 - FileResourceLoader : adding path '.'
2013-03-28 15:51:56,326 - ResourceCache: initialized (class org.apache.velocity.runtime.resource.ResourceCacheImpl) with class java.util.Collections$SynchronizedMap cache map.
2013-03-28 15:51:56,326 - Loaded System Directive: org.apache.velocity.runtime.directive.Stop
2013-03-28 15:51:56,326 - Loaded System Directive: org.apache.velocity.runtime.directive.Define
2013-03-28 15:51:56,326 - Loaded System Directive: org.apache.velocity.runtime.directive.Break
2013-03-28 15:51:56,326 - Loaded System Directive: org.apache.velocity.runtime.directive.Evaluate
2013-03-28 15:51:56,326 - Loaded System Directive: org.apache.velocity.runtime.directive.Literal
2013-03-28 15:51:56,326 - Loaded System Directive: org.apache.velocity.runtime.directive.Macro
2013-03-28 15:51:56,326 - Loaded System Directive: org.apache.velocity.runtime.directive.Parse
2013-03-28 15:51:56,341 - Loaded System Directive: org.apache.velocity.runtime.directive.Include
2013-03-28 15:51:56,341 - Loaded System Directive: org.apache.velocity.runtime.directive.Foreach
2013-03-28 15:51:56,357 - Created '20' parsers.
2013-03-28 15:51:56,357 - Velocimacro : "velocimacro.library" is not set.  Trying default library: VM_global_library.vm
2013-03-28 15:51:56,357 - Velocimacro : Default library not found.
2013-03-28 15:51:56,357 - Velocimacro : allowInline = true : VMs can be defined inline in templates
2013-03-28 15:51:56,357 - Velocimacro : allowInlineToOverride = false : VMs defined inline may NOT replace previous VM definitions
2013-03-28 15:51:56,357 - Velocimacro : allowInlineLocal = false : VMs defined inline will be global in scope if allowed.
2013-03-28 15:51:56,357 - Velocimacro : autoload off : VM system will not automatically reload global library macros
2013-03-28 15:51:56,388 - ResourceManager : found example-html.vm with loader org.apache.velocity.runtime.resource.loader.FileResourceLoader
